NEB log file generated by ORCA
All quantities are given in atomic units. Unless stated otherwise. 
iteration       : 0
climbing        : no
zoom on         : no
nim             : 30
barrier         :   0.02988113 (image: 11) 
distance        :   0.00000000    0.48675026    0.97385478    1.46131129    1.94882145    2.43628861    2.92404131    3.41170920    3.89905684    4.38610080    4.88730091    5.38927503    5.89264117    6.39780466    6.90493286    7.41395879    7.92460661    8.43642838    8.94885109    9.46108525    9.97311449   10.48440225   10.99421553   11.50184772   12.00674049   12.50860068   13.00749513   13.50387032   13.99846749   14.49217185 
energy          : -30.58097836  -30.58014753  -30.57768703  -30.57376172  -30.56874670  -30.56325677  -30.55815793  -30.55430233  -30.55215010  -30.55167830  -30.55118941  -30.55109723  -30.55204511  -30.55400482  -30.55650695  -30.55897551  -30.56121807  -30.56361159  -30.56717604  -30.57313390  -30.58198663  -30.59306541  -30.60493479  -30.61613150  -30.62576173  -30.63367325  -30.63986319  -30.64450374  -30.64754561  -30.64863503 
max(|Fr_perp|)   :   0.00000000    0.00969735    0.01925730    0.02794551    0.03460614    0.03767525    0.03566154    0.02821728    0.01603437    0.00089292    0.01638345    0.03184605    0.04553534    0.05599384    0.06214168    0.06437074    0.06800540    0.06686876    0.06318201    0.06341263    0.06293907    0.05996803    0.05415127    0.05066378    0.04934402    0.04547005    0.03881552    0.02919335    0.01639654    0.00000000 
Fr_paral         :  -0.00002463   -0.00345850   -0.00673209   -0.00938261   -0.01100810   -0.01107410   -0.00925652   -0.00608324   -0.00249375   -0.00105553   -0.00092362    0.00090229    0.00333136    0.00517496    0.00581859    0.00554015    0.00536292    0.00646181    0.00993670    0.01546562    0.02084511    0.02404862    0.02422031    0.02175056    0.01825321    0.01457978    0.01110888    0.00792630    0.00433350    0.00001325 
max(|Fsp_paral|) :   0.00000000    0.00128695    0.00206190    0.00265196    0.00293158    0.00276278    0.00210374    0.00117482    0.00025067    0.00121142    0.00012986    0.00008133    0.00075792    0.00172612    0.00227699    0.00226333    0.00204428    0.00215742    0.00315491    0.00507347    0.00660609    0.00000816    0.00001202    0.00001558    0.00001799    0.00001840    0.00001631    0.00001191    0.00000613    0.00000000 
max(|Fsp_perp|)  :   0.00000000    0.00000000    0.00000000    0.00000000    0.00000000    0.00000000    0.00000000    0.00000000    0.00000000    0.00000000    0.00000000    0.00000000    0.00000000    0.00000000    0.00000000    0.00000000    0.00000000    0.00000000    0.00000000    0.00000000    0.00000000    0.00000000    0.00000000    0.00000000    0.00000000    0.00000000    0.00000000    0.00000000    0.00000000    0.00000000 
max(|FNEB|)      :   0.00006124    0.00970568    0.01918385    0.02776061    0.03434293    0.03741364    0.03547810    0.02813439    0.01602310    0.00126133    0.01639150    0.03185071    0.04549196    0.05590780    0.06204381    0.06473464    0.06854767    0.06753831    0.06301160    0.06302607    0.06228898    0.05998862    0.05417269    0.05067733    0.04936420    0.04549497    0.03884235    0.02921812    0.01641337    0.00008724 
max(|Force|)     :   0.00006275    0.00970351    0.01936939    0.02821451    0.03500079    0.03809216    0.03598482    0.02839337    0.01608707    0.00099273    0.01634985    0.03187778    0.04564789    0.05615197    0.06229873    0.06450508    0.06731035    0.06585812    0.06351370    0.06409654    0.06410093    0.06160974    0.05997612    0.05392631    0.05226596    0.04789211    0.04069362    0.03054216    0.01713612    0.00008589 
ksp              :   0.01250324    0.01991608    0.03174101    0.04684709    0.06338109    0.07873387    0.09033993    0.09681613    0.09823451    0.09971105    0.10000000    0.10000000    0.09716211    0.09127986    0.08376380    0.07634641    0.06960648    0.06240730    0.05167561    0.03373087    0.01000000    0.01000000    0.01000000    0.01000000    0.01000000    0.01000000    0.01000000    0.01000000    0.01000000 
max(|step|)      :   0.00008934    0.01415902    0.02798615    0.04049825    0.05010080    0.05458047    0.05175683    0.04104354    0.02337513    0.00184008    0.02391255    0.04646505    0.06636543    0.08156047    0.09051191    0.09443740    0.10000000    0.09852751    0.09192377    0.09194488    0.09086958    0.08751372    0.07902922    0.07393005    0.07201441    0.06636983    0.05666472    0.04262453    0.02394446    0.00012727 
angle (deg.)     :    2.0166  2.1135  2.2157  2.3049  2.3235  2.2081  2.0097  1.8941  57.9762  3.5816  3.7705  4.0510  4.3262  4.5403  4.7389  4.9871  5.2010  5.6500  5.2049  5.1254  5.3223  5.0408  4.8284  4.5276  4.2013  3.9633  3.7358  3.6196 
>
iteration       : 1
climbing        : no
zoom on         : no
nim             : 30
barrier         :   0.02929850 (image:  9) 
distance        :   0.00000000    0.49261834    0.98347728    1.47372020    1.96240366    2.44888895    2.93358894    3.41734833    3.90125163    4.39107728    4.89095078    5.39390650    5.89661416    6.40129962    6.90937941    7.42109368    7.93526168    8.45001510    8.96320323    9.47358991    9.98485971   10.51733982   11.03086069   11.54229219   12.05067756   12.55529084   13.05607360   13.55371470   14.04936861   14.54440475 
energy          : -30.58097839  -30.58034610  -30.57842055  -30.57521962  -30.57089398  -30.56575299  -30.56038310  -30.55569842  -30.55261244  -30.55167989  -30.55194154  -30.55386429  -30.55774019  -30.56302850  -30.56865114  -30.57373213  -30.57800662  -30.58167674  -30.58557234  -30.59090952  -30.59841281  -30.60802314  -30.61773298  -30.62660291  -30.63389367  -30.63955957  -30.64365579  -30.64644661  -30.64810644  -30.64863488 
max(|Fr_perp|)   :   0.00000000    0.00523515    0.01160150    0.01854146    0.02499284    0.02942252    0.02987507    0.02487655    0.01460681    0.00095609    0.01628991    0.03192308    0.04557020    0.05543435    0.06074388    0.06246730    0.06160473    0.05949912    0.05695691    0.05343935    0.04886904    0.04454513    0.04088008    0.03617525    0.03046951    0.02399875    0.01718234    0.01045512    0.00447005    0.00000000 
Fr_paral         :  -0.00002096   -0.00263226   -0.00535055   -0.00788665   -0.01002508   -0.01130083   -0.01087652   -0.00836374   -0.00426984   -0.00079556    0.00206560    0.00596937    0.00974586    0.01173605    0.01139904    0.00977420    0.00812220    0.00748030    0.00893754    0.01262104    0.01676178    0.01918021    0.01887668    0.01643169    0.01324277    0.01002733    0.00705910    0.00460644    0.00226349    0.00001661 
max(|Fsp_paral|) :   0.00000000    0.00102594    0.00171864    0.00232419    0.00276453    0.00290484    0.00256087    0.00172247    0.00074692    0.00054093    0.00005390    0.00172900    0.00349715    0.00491599    0.00536064    0.00490547    0.00409660    0.00277283    0.00001585    0.00000479    0.00011319    0.00010172    0.00001146    0.00001731    0.00002242    0.00002386    0.00002043    0.00001340    0.00000428    0.00000000 
max(|Fsp_perp|)  :   0.00000000    0.00000000    0.00000000    0.00000000    0.00000000    0.00000000    0.00000000    0.00000000    0.00000000    0.00000000    0.00000000    0.00000000    0.00000000    0.00000000    0.00000000    0.00000000    0.00000000    0.00000000    0.00000000    0.00000000    0.00000000    0.00000000    0.00000000    0.00000000    0.00000000    0.00000000    0.00000000    0.00000000    0.00000000    0.00000000 
max(|FNEB|)      :   0.00005506    0.00531724    0.01165336    0.01849397    0.02480050    0.02908673    0.02948652    0.02457846    0.01447224    0.00093420    0.01628183    0.03168085    0.04514109    0.05494969    0.06036191    0.06222838    0.06145051    0.05938843    0.05695604    0.05343973    0.04888019    0.04452172    0.04087716    0.03617068    0.03046371    0.02399293    0.01717775    0.01045238    0.00446926    0.00006329 
max(|Force|)     :   0.00005633    0.00516018    0.01154381    0.01859952    0.02524681    0.02990323    0.03048819    0.02541856    0.01489725    0.00097342    0.01646383    0.03240606    0.04628823    0.05614736    0.06125008    0.06276262    0.06179057    0.05967476    0.05723449    0.05398598    0.04975012    0.04691415    0.04351495    0.03863835    0.03250415    0.02552116    0.01821369    0.01109026    0.00476029    0.00006353 
ksp              :   0.01194227    0.01785726    0.02768995    0.04097758    0.05676984    0.07326523    0.08765576    0.09713537    0.10000000    0.10000000    0.09919626    0.09328991    0.08138381    0.06513902    0.04786723    0.03225928    0.01912876    0.01000000    0.01000000    0.01000000    0.01000000    0.01000000    0.01000000    0.01000000    0.01000000    0.01000000    0.01000000    0.01000000    0.01000000 
max(|step|)      :   0.00008993    0.00975080    0.02078474    0.03223333    0.04241939    0.04895457    0.04895299    0.04042344    0.02368749    0.00143962    0.02602280    0.05069095    0.07228025    0.08813047    0.09696015    0.10000000    0.09887930    0.09584684    0.09242226    0.08767172    0.08132258    0.07239749    0.06658846    0.06050280    0.05254755    0.04288642    0.03200300    0.02041814    0.00892633    0.00901944 
angle (deg.)     :    2.0197  2.0927  2.2189  2.4391  2.7296  2.8386  2.6070  2.4517  56.0962  3.6451  3.7392  4.1850  4.5981  4.7757  4.9831  5.3372  5.7625  6.3132  5.7604  5.6785  5.7530  5.3868  5.0024  4.5747  4.1796  3.9663  3.6887  3.5903 
>
iteration       : 2
climbing        : no
zoom on         : no
nim             : 30
barrier         :   0.02929421 (image:  9) 
distance        :   0.00000000    0.49798602    0.99264665    1.48618278    1.97723242    2.46457811    2.94789192    3.42828299    3.90862421    4.39950953    4.89940538    5.40013973    5.90043673    6.40387419    6.91333365    7.42855193    7.94672265    8.46625624    8.98719394    9.49830637   10.01048698   10.54733930   11.06299848   11.57672070   12.08757784   12.59439756   13.09692003   13.59588907   14.09257748   14.58853571 
energy          : -30.58097841  -30.58043630  -30.57879593  -30.57605589  -30.57226805  -30.56754026  -30.56217498  -30.55694711  -30.55306298  -30.55168420  -30.55263918  -30.55648768  -30.56314231  -30.57131682  -30.57924276  -30.58589596  -30.59115489  -30.59537638  -30.59914782  -30.60328529  -30.60885516  -30.61628796  -30.62397427  -30.63103651  -30.63680861  -30.64128250  -30.64452229  -30.64677205  -30.64816968  -30.64863483 
max(|Fr_perp|)   :   0.00000000    0.00229162    0.00603521    0.01101848    0.01656165    0.02146588    0.02382117    0.02137439    0.01330607    0.00099424    0.01619223    0.03195056    0.04519848    0.05359109    0.05706661    0.05714565    0.05586556    0.05295069    0.04776441    0.04113336    0.03580823    0.03000732    0.02396308    0.01782011    0.01193178    0.00958460    0.00720880    0.00479590    0.00238801    0.00000000 
Fr_paral         :  -0.00001913   -0.00221469   -0.00451442   -0.00677562   -0.00899410   -0.01094682   -0.01174827   -0.01018719   -0.00593276   -0.00046714    0.00476259    0.01096975    0.01599375    0.01745169    0.01550126    0.01231980    0.00959357    0.00785175    0.00761138    0.00935209    0.01242315    0.01476056    0.01476995    0.01284127    0.01029105    0.00779941    0.00552351    0.00372111    0.00191730    0.00001561 
max(|Fsp_paral|) :   0.00000000    0.00087272    0.00147716    0.00203702    0.00252881    0.00285444    0.00278765    0.00213496    0.00115908    0.00044272    0.00076549    0.00337815    0.00594118    0.00759459    0.00767017    0.00171427    0.00000823    0.00000824    0.00005521    0.00000571    0.00012972    0.00011267    0.00001059    0.00001629    0.00002408    0.00002688    0.00002322    0.00001546    0.00000508    0.00000000 
max(|Fsp_perp|)  :   0.00000000    0.00000000    0.00000000    0.00000000    0.00000000    0.00000000    0.00000000    0.00000000    0.00000000    0.00000000    0.00000000    0.00000000    0.00000000    0.00000000    0.00000000    0.00000000    0.00000000    0.00000000    0.00000000    0.00000000    0.00000000    0.00000000    0.00000000    0.00000000    0.00000000    0.00000000    0.00000000    0.00000000    0.00000000    0.00000000 
max(|FNEB|)      :   0.00004823    0.00241795    0.00618072    0.01110292    0.01649038    0.02114680    0.02327118    0.02080741    0.01294844    0.00104084    0.01600494    0.03117396    0.04402578    0.05244987    0.05631644    0.05705870    0.05587837    0.05296699    0.04778154    0.04115517    0.03586056    0.03000934    0.02398479    0.01783536    0.01193905    0.00958570    0.00721017    0.00479712    0.00238869    0.00005529 
max(|Force|)     :   0.00004938    0.00266205    0.00588729    0.01093601    0.01667949    0.02194463    0.02470639    0.02240010    0.01399987    0.00097001    0.01683839    0.03338115    0.04707233    0.05520720    0.05803109    0.05760091    0.05607589    0.05310432    0.04796764    0.04147363    0.03712661    0.03177454    0.02591684    0.01960523    0.01335899    0.00990836    0.00733138    0.00482363    0.00238574    0.00005548 
ksp              :   0.01166583    0.01670664    0.02512686    0.03676700    0.05129484    0.06777944    0.08383851    0.09576694    0.10000000    0.10000000    0.09707119    0.08526187    0.06483730    0.03974228    0.01540485    0.01000000    0.01000000    0.01000000    0.01000000    0.01000000    0.01000000    0.01000000    0.01000000    0.01000000    0.01000000    0.01000000    0.01000000    0.01000000    0.01000000 
max(|step|)      :   0.00008453    0.00423765    0.01083222    0.01945877    0.02890073    0.03706148    0.04078463    0.03646668    0.02269319    0.00182416    0.02804996    0.05463490    0.07715876    0.09192265    0.09869913    0.10000000    0.09793137    0.09282895    0.08374103    0.07212778    0.06284854    0.05259380    0.04203529    0.03125793    0.02092416    0.01679971    0.01263640    0.00840735    0.00418638    0.00009690 
angle (deg.)     :    2.0086  2.0244  2.1440  2.4861  3.1174  3.6865  3.6139  3.4049  53.8486  3.8085  3.8899  4.6656  5.1492  5.1194  5.2359  5.5970  6.1993  6.9317  6.3746  6.1573  6.1418  5.6732  5.1183  4.5826  4.1312  3.9532  3.6269  3.5645 
>
iteration       : 3
climbing        : no
zoom on         : no
nim             : 30
barrier         :   0.02928764 (image:  9) 
distance        :   0.00000000    0.50248598    1.00044285    1.49719546    1.99140879    2.48154647    2.96590134    3.44422362    3.92076272    4.40985842    4.90816184    5.40256632    5.89776983    6.39995769    6.91342799    7.44902297    7.97480371    8.49616348    9.01826528    9.53070624   10.04386229   10.58005465   11.09645751   11.61106184   12.12313503   12.63110127   13.13446799   13.63395482   14.13087289   14.62693701 
energy          : -30.58097843  -30.58047530  -30.57897364  -30.57649685  -30.57308396  -30.56874616  -30.56355924  -30.55803883  -30.55349646  -30.55169078  -30.55341356  -30.55942046  -30.56908830  -30.57998401  -30.58960629  -30.59730871  -30.60301643  -30.60702226  -30.60970206  -30.61195350  -30.61529461  -30.62068680  -30.62689712  -30.63288563  -30.63791434  -30.64190534  -30.64484772  -30.64691474  -30.64820736  -30.64863488 
max(|Fr_perp|)   :   0.00000000    0.00178572    0.00359063    0.00696266    0.01120049    0.01568018    0.01890194    0.01831312    0.01209666    0.00099520    0.01585305    0.03141135    0.04367953    0.04990879    0.05098559    0.05020823    0.04740949    0.04241155    0.03579268    0.02861765    0.02258303    0.01685803    0.01420566    0.01237479    0.01033671    0.00828184    0.00623603    0.00416756    0.00208522    0.00000000 
Fr_paral         :  -0.00001799   -0.00202481   -0.00407228   -0.00605882   -0.00811893   -0.01030878   -0.01204179   -0.01160999   -0.00752274   -0.00027549    0.00781569    0.01681170    0.02282779    0.02261902    0.01825330    0.01364678    0.00999754    0.00698671    0.00510191    0.00553789    0.00847089    0.01160269    0.01238822    0.01110181    0.00908743    0.00704637    0.00506798    0.00345541    0.00178426    0.00001389 
max(|Fsp_paral|) :   0.00000000    0.00079743    0.00134136    0.00184426    0.00232684    0.00273585    0.00286243    0.00241660    0.00145161    0.00042161    0.00163966    0.00500402    0.00837022    0.01012813    0.00084020    0.00006137    0.00002708    0.00000437    0.00005426    0.00000380    0.00011975    0.00010434    0.00000982    0.00001442    0.00002458    0.00002890    0.00002546    0.00001749    0.00000597    0.00000000 
max(|Fsp_perp|)  :   0.00000000    0.00000000    0.00000000    0.00000000    0.00000000    0.00000000    0.00000000    0.00000000    0.00000000    0.00000000    0.00000000    0.00000000    0.00000000    0.00000000    0.00000000    0.00000000    0.00000000    0.00000000    0.00000000    0.00000000    0.00000000    0.00000000    0.00000000    0.00000000    0.00000000    0.00000000    0.00000000    0.00000000    0.00000000    0.00000000 
max(|FNEB|)      :   0.00004230    0.00187232    0.00378275    0.00712903    0.01123180    0.01542099    0.01825413    0.01746863    0.01145430    0.00107033    0.01527810    0.02972538    0.04132153    0.04787438    0.05088531    0.05020459    0.04740877    0.04241160    0.03579203    0.02861773    0.02260347    0.01683846    0.01420408    0.01237292    0.01033449    0.00828033    0.00623551    0.00416759    0.00208531    0.00005138 
max(|Force|)     :   0.00004338    0.00240432    0.00462737    0.00683849    0.01116074    0.01603907    0.01991095    0.01981960    0.01333576    0.00097272    0.01734731    0.03453799    0.04742099    0.05266971    0.05234363    0.05071398    0.04757354    0.04246524    0.03582673    0.02872352    0.02333467    0.01800539    0.01529510    0.01319191    0.01082872    0.00851348    0.00630418    0.00416255    0.00206728    0.00005148 
ksp              :   0.01154609    0.01616065    0.02377175    0.03425945    0.04758936    0.06352860    0.08049266    0.09445123    0.10000000    0.10000000    0.09470596    0.07624694    0.04653799    0.01305582    0.01000000    0.01000000    0.01000000    0.01000000    0.01000000    0.01000000    0.01000000    0.01000000    0.01000000    0.01000000    0.01000000    0.01000000    0.01000000    0.01000000    0.01000000 
max(|step|)      :   0.00008259    0.00355715    0.00696963    0.01258765    0.02029073    0.02854516    0.03460303    0.03380711    0.02254182    0.00212334    0.03032798    0.05912822    0.08194183    0.09430991    0.10000000    0.09799392    0.09163319    0.08061792    0.06662630    0.05191802    0.03942836    0.03052559    0.02793318    0.02426634    0.02021939    0.01617136    0.01217648    0.00813867    0.00407384    0.00193336 
angle (deg.)     :    2.0762  2.0365  2.0906  2.4548  3.3944  4.5954  4.9699  4.7750  50.8767  4.1883  4.4861  5.9092  6.2244  5.6624  5.4830  5.8886  6.6055  7.5949  7.1240  6.7704  6.8003  6.1868  5.3857  4.6983  4.1648  4.0208  3.6291  3.5910 
>
iteration       : 4
climbing        : no
zoom on         : no
nim             : 30
barrier         :   0.02927944 (image:  9) 
distance        :   0.00000000    0.50700871    1.00813945    1.50796922    2.00563780    2.49983401    2.98761759    3.46594911    3.93858235    4.42310399    4.91542879    5.39874544    5.88583387    6.38949310    6.94859072    7.48974676    8.01851733    8.54329452    9.06886782    9.58514950   10.10107335   10.63715662   11.15449380   11.66997430   12.18313178   12.69211405   13.19627413   13.69631510   14.19351725   14.68969244 
energy          : -30.58097844  -30.58049652  -30.57907267  -30.57675349  -30.57359657  -30.56959368  -30.56467622  -30.55904283  -30.55393243  -30.55169900  -30.55430045  -30.56280291  -30.57575510  -30.58906267  -30.60045821  -30.60836069  -30.61341302  -30.61615024  -30.61720623  -30.61765363  -30.61927286  -30.62331358  -30.62867644  -30.63407956  -30.63868778  -30.64237601  -30.64510602  -30.64702702  -30.64823497  -30.64863495 
max(|Fr_perp|)   :   0.00000000    0.00155359    0.00289393    0.00432778    0.00738858    0.01120037    0.01482249    0.01557419    0.01073483    0.00098092    0.01514810    0.02979588    0.04027022    0.04392291    0.04398345    0.04121232    0.03613354    0.02988045    0.02315283    0.01891928    0.01476351    0.01387830    0.01264509    0.01091375    0.00904809    0.00721087    0.00542088    0.00363038    0.00182440    0.00000000 
Fr_paral         :  -0.00001695   -0.00191500   -0.00380888   -0.00558329   -0.00740615   -0.00953070   -0.01188962   -0.01276058   -0.00917113   -0.00010030    0.01138051    0.02381967    0.03011067    0.02650828    0.01942722    0.01330455    0.00823030    0.00421116    0.00179644    0.00204252    0.00547393    0.00955528    0.01099302    0.01009546    0.00834219    0.00651808    0.00469573    0.00321544    0.00166719    0.00001237 
max(|Fsp_paral|) :   0.00000000    0.00075433    0.00126172    0.00171840    0.00216831    0.00259913    0.00284980    0.00257867    0.00163066    0.00034589    0.00255074    0.00651005    0.01067235    0.00453913    0.00011230    0.00007799    0.00002468    0.00000472    0.00005232    0.00000190    0.00010304    0.00009739    0.00001007    0.00001323    0.00002505    0.00003041    0.00002714    0.00001943    0.00000722    0.00000000 
max(|Fsp_perp|)  :   0.00000000    0.00000000    0.00000000    0.00000000    0.00000000    0.00000000    0.00000000    0.00000000    0.00000000    0.00000000    0.00000000    0.00000000    0.00000000    0.00000000    0.00000000    0.00000000    0.00000000    0.00000000    0.00000000    0.00000000    0.00000000    0.00000000    0.00000000    0.00000000    0.00000000    0.00000000    0.00000000    0.00000000    0.00000000    0.00000000 
max(|FNEB|)      :   0.00003748    0.00150783    0.00293142    0.00456067    0.00752443    0.01105248    0.01417215    0.01450066    0.00978671    0.00105776    0.01394316    0.02670785    0.03623200    0.04282908    0.04398323    0.04123013    0.03615919    0.02990614    0.02317689    0.01893868    0.01479331    0.01386565    0.01264809    0.01091592    0.00904909    0.00721189    0.00542223    0.00363166    0.00182508    0.00004706 
max(|Force|)     :   0.00003851    0.00212790    0.00409652    0.00573701    0.00781665    0.01142045    0.01584727    0.01755343    0.01270498    0.00097104    0.01803058    0.03574644    0.04670186    0.04781101    0.04552281    0.04167335    0.03619482    0.02984998    0.02313904    0.01907485    0.01513699    0.01479869    0.01355927    0.01158735    0.00943602    0.00737515    0.00544837    0.00360078    0.00179450    0.00004710 
ksp              :   0.01148148    0.01585857    0.02298819    0.03269345    0.04499967    0.06011710    0.07743292    0.09313775    0.10000000    0.10000000    0.09200996    0.06589280    0.02610273    0.01000000    0.01000000    0.01000000    0.01000000    0.01000000    0.01000000    0.01000000    0.01000000    0.01000000    0.01000000    0.01000000    0.01000000    0.01000000    0.01000000    0.01000000    0.01000000 
max(|step|)      :   0.00008522    0.00342819    0.00666486    0.01036910    0.01710749    0.02512884    0.03222171    0.03296861    0.02225099    0.00240491    0.03170108    0.06072281    0.08237684    0.09737592    0.10000000    0.09374056    0.08221132    0.06799441    0.05269483    0.04305888    0.03363398    0.03152486    0.02875661    0.02481836    0.02057396    0.01639690    0.01232796    0.00825691    0.00414949    0.00010700 
angle (deg.)     :    2.1513  2.0774  2.0751  2.3998  3.5729  5.5537  6.7507  6.6374  47.1705  4.7429  5.5457  8.0437  7.5177  6.4757  5.8916  6.1505  6.9560  8.2901  8.0861  7.5889  7.6272  6.8204  5.7149  4.8419  4.2005  4.0831  3.6117  3.5969 
>
iteration       : 5
climbing        : no
zoom on         : no
nim             : 30
barrier         :   0.02926994 (image:  9) 
distance        :   0.00000000    0.51197716    1.01656377    1.51962276    2.02088393    2.51959040    3.01216292    3.49234516    3.96164326    4.44033821    4.92413019    5.39306394    5.87064262    6.41058094    6.99854388    7.54812093    8.08290717    8.61241212    9.14196777    9.66243080   10.18138810   10.71730729   11.23549169   11.75188279   12.26624077   12.77637319   13.28142414   13.78208781   14.27960425   14.77592761 
energy          : -30.58097846  -30.58051144  -30.57914192  -30.57693118  -30.57395545  -30.57022123  -30.56559594  -30.55997372  -30.55436695  -30.55170852  -30.55526248  -30.56644937  -30.58265321  -30.59878420  -30.61100621  -30.61782960  -30.62132123  -30.62257843  -30.62238904  -30.62171762  -30.62224745  -30.62539190  -30.63016482  -30.63512438  -30.63938785  -30.64281101  -30.64534890  -30.64713440  -30.64826199  -30.64863506 
max(|Fr_perp|)   :   0.00000000    0.00136472    0.00254550    0.00344080    0.00425561    0.00686124    0.01050916    0.01255991    0.00927225    0.00096213    0.01412455    0.02725572    0.03543542    0.03749754    0.03402110    0.02740901    0.02100038    0.01557563    0.01211161    0.01134633    0.01182933    0.01153909    0.01064003    0.00926334    0.00773650    0.00621163    0.00470523    0.00317478    0.00160203    0.00000000 
Fr_paral         :  -0.00001594   -0.00183502   -0.00362244   -0.00524481   -0.00685052   -0.00876108   -0.01141504   -0.01358457   -0.01078173    0.00006783    0.01549139    0.03184071    0.03704527    0.02916753    0.01868499    0.01054608    0.00506884    0.00127268   -0.00190687   -0.00065921    0.00370030    0.00832636    0.01007708    0.00934935    0.00773121    0.00606514    0.00436571    0.00299959    0.00155995    0.00001092 
max(|Fsp_paral|) :   0.00000000    0.00072299    0.00120650    0.00162964    0.00204507    0.00246772    0.00280043    0.00267349    0.00172837    0.00022232    0.00345499    0.00777151    0.01114066    0.00028474    0.00024036    0.00009403    0.00003299    0.00000030    0.00004757    0.00000771    0.00008489    0.00009035    0.00000964    0.00001156    0.00002541    0.00003217    0.00002903    0.00002164    0.00000842    0.00000000 
max(|Fsp_perp|)  :   0.00000000    0.00000000    0.00000000    0.00000000    0.00000000    0.00000000    0.00000000    0.00000000    0.00000000    0.00000000    0.00000000    0.00000000    0.00000000    0.00000000    0.00000000    0.00000000    0.00000000    0.00000000    0.00000000    0.00000000    0.00000000    0.00000000    0.00000000    0.00000000    0.00000000    0.00000000    0.00000000    0.00000000    0.00000000    0.00000000 
max(|FNEB|)      :   0.00003187    0.00119682    0.00232677    0.00351190    0.00468080    0.00681088    0.00987539    0.01126051    0.00800106    0.00101715    0.01200396    0.02484917    0.03179815    0.03757644    0.03399069    0.02740587    0.02100129    0.01557561    0.01211142    0.01134626    0.01181269    0.01152238    0.01063865    0.00926215    0.00773491    0.00621079    0.00470534    0.00317533    0.00160234    0.00004321 
max(|Force|)     :   0.00003284    0.00190380    0.00367164    0.00513055    0.00619480    0.00870212    0.01211300    0.01498500    0.01214206    0.00096945    0.01909423    0.03742568    0.04518222    0.04228920    0.03550100    0.02763241    0.02091311    0.01552326    0.01210765    0.01134320    0.01198997    0.01232383    0.01141695    0.00981022    0.00802793    0.00631184    0.00469390    0.00312170    0.00156068    0.00004318 
ksp              :   0.01143601    0.01564703    0.02244468    0.03159453    0.04307662    0.05729859    0.07458594    0.09182577    0.10000000    0.10000000    0.08907220    0.05467443    0.01000000    0.01000000    0.01000000    0.01000000    0.01000000    0.01000000    0.01000000    0.01000000    0.01000000    0.01000000    0.01000000    0.01000000    0.01000000    0.01000000    0.01000000    0.01000000    0.01000000 
max(|step|)      :   0.00008443    0.00314928    0.00615438    0.00935328    0.01261622    0.01674715    0.02510530    0.02938051    0.02116704    0.00283599    0.03199925    0.06809428    0.08697845    0.10000000    0.08816947    0.06856932    0.05056270    0.03617890    0.03280031    0.03063563    0.03247698    0.02982524    0.02748604    0.02383754    0.01978005    0.01571725    0.01171662    0.00763127    0.00447678    0.00267132 
angle (deg.)     :    2.2344  2.1521  2.1198  2.3307  3.5173  6.3313  8.9421  9.0066  42.3577  5.5863  7.6249  10.8479  10.4832  7.5330  6.0541  6.1928  7.2688  8.8704  9.3017  8.6300  8.6644  7.6254  6.1367  5.0389  4.2538  4.1690  3.6029  3.6081 
>
iteration       : 6
climbing        : no
zoom on         : no
nim             : 30
barrier         :   0.02925832 (image:  9) 
distance        :   0.00000000    0.51761597    1.02606926    1.53254642    2.03746659    2.54100918    3.04016756    3.52523464    3.99156053    4.46074119    4.92879873    5.37514022    5.84851107    6.47020707    7.07101390    7.63446874    8.17710082    8.71185759    9.24876186    9.77101360   10.29198771   10.82857397   11.34820913   11.86593738   12.38176336   12.89323520   13.39930004   13.90068513   14.39856289   14.89504478 
energy          : -30.58097848  -30.58052214  -30.57919173  -30.57705612  -30.57420221  -30.57066095  -30.56630746  -30.56080368  -30.55478618  -30.55172015  -30.55623584  -30.56998808  -30.58940357  -30.60952393  -30.62009605  -30.62475847  -30.62663172  -30.62684426  -30.62597124  -30.62474108  -30.62461384  -30.62714350  -30.63147718  -30.63607461  -30.64003788  -30.64321820  -30.64557659  -30.64723397  -30.64828656  -30.64863519 
max(|Fr_perp|)   :   0.00000000    0.00119846    0.00224612    0.00305512    0.00355059    0.00483405    0.00742586    0.01004091    0.00764327    0.00093644    0.01186398    0.02202177    0.02882340    0.02829433    0.02119315    0.01557979    0.01333098    0.01257214    0.01172538    0.01086847    0.00994638    0.00968027    0.00912051    0.00798291    0.00662446    0.00527111    0.00395907    0.00265888    0.00134101    0.00000000 
Fr_paral         :  -0.00001492   -0.00177270   -0.00348575   -0.00501260   -0.00646559   -0.00811883   -0.01075148   -0.01414103   -0.01247999    0.00023270    0.02003146    0.04047474    0.04325774    0.02930352    0.01447828    0.00656614    0.00234144   -0.00103301   -0.00287839   -0.00232267    0.00238201    0.00730311    0.00925990    0.00865755    0.00714971    0.00562490    0.00403980    0.00278578    0.00145561    0.00000975 
max(|Fsp_paral|) :   0.00000000    0.00069949    0.00116813    0.00157070    0.00196323    0.00237333    0.00274183    0.00265823    0.00165399    0.00004969    0.00422913    0.00837984    0.00729955    0.00012236    0.00023689    0.00013468    0.00004991    0.00001229    0.00007575    0.00000625    0.00007600    0.00008394    0.00001011    0.00001078    0.00002623    0.00003437    0.00003110    0.00002426    0.00000991    0.00000000 
max(|Fsp_perp|)  :   0.00000000    0.00000000    0.00000000    0.00000000    0.00000000    0.00000000    0.00000000    0.00000000    0.00000000    0.00000000    0.00000000    0.00000000    0.00000000    0.00000000    0.00000000    0.00000000    0.00000000    0.00000000    0.00000000    0.00000000    0.00000000    0.00000000    0.00000000    0.00000000    0.00000000    0.00000000    0.00000000    0.00000000    0.00000000    0.00000000 
max(|FNEB|)      :   0.00002741    0.00097662    0.00188131    0.00284562    0.00381877    0.00483419    0.00688338    0.00861052    0.00615139    0.00092377    0.01311878    0.02649810    0.02964420    0.02827648    0.02119363    0.01560383    0.01333351    0.01257435    0.01172794    0.01087050    0.00994856    0.00966947    0.00912339    0.00798529    0.00662571    0.00527248    0.00396078    0.00266052    0.00134185    0.00003910 
max(|Force|)     :   0.00002832    0.00170913    0.00331468    0.00465706    0.00566674    0.00658599    0.01020200    0.01289603    0.01163027    0.00096281    0.01981071    0.03804071    0.04216932    0.03349365    0.02205373    0.01550844    0.01332207    0.01258082    0.01173354    0.01086540    0.00995375    0.01036920    0.00979485    0.00843030    0.00683951    0.00532086    0.00391789    0.00258765    0.00129050    0.00003902 
ksp              :   0.01140377    0.01549645    0.02206615    0.03084560    0.04173974    0.05513286    0.07206372    0.09057137    0.10000000    0.10000000    0.08611482    0.04382538    0.01000000    0.01000000    0.01000000    0.01000000    0.01000000    0.01000000    0.01000000    0.01000000    0.01000000    0.01000000    0.01000000    0.01000000    0.01000000    0.01000000    0.01000000    0.01000000    0.01000000 
max(|step|)      :   0.00009246    0.00329448    0.00634631    0.00959924    0.01288202    0.01630737    0.02321998    0.02904623    0.02075073    0.00311618    0.04425411    0.08938713    0.10000000    0.09538623    0.07149336    0.05263704    0.04497850    0.04241757    0.03956236    0.03666991    0.03355989    0.03261842    0.03077631    0.02693712    0.02235080    0.01778586    0.01336107    0.00897484    0.00452652    0.00013189 
angle (deg.)     :    2.3072  2.2273  2.2027  2.3488  3.4186  7.0092  11.7031  12.2227  36.2119  6.2633  10.3396  15.3906  14.5247  7.8016  5.7995  6.3503  7.6306  9.5174  10.4113  9.8300  9.7560  8.5074  6.6044  5.2624  4.3047  4.2633  3.5794  3.6043 
>
iteration       : 7
climbing        : no
zoom on         : no
nim             : 30
barrier         :   0.02924465 (image:  9) 
distance        :   0.00000000    0.52444945    1.03763490    1.54824320    2.05747279    2.56655179    3.07387478    3.56670212    4.03069114    4.48730075    4.93430718    5.35325974    5.85269870    6.55257769    7.18305535    7.76295379    8.31305639    8.85455988    9.39578534    9.92252252   10.44466884   10.98199047   11.50315116   12.02234301   12.53981501   13.05283850   13.56006702   14.06230589   14.56061869   15.05732052 
energy          : -30.58097849  -30.58053144  -30.57923596  -30.57716595  -30.57441104  -30.57101585  -30.56688876  -30.56156206  -30.55519969  -30.55173385  -30.55707653  -30.57288368  -30.59686072  -30.61914979  -30.62699633  -30.62992501  -30.63079576  -30.63034377  -30.62900706  -30.62739406  -30.62679218  -30.62881981  -30.63276610  -30.63701995  -30.64068736  -30.64362372  -30.64580288  -30.64733243  -30.64831074  -30.64863537 
max(|Fr_perp|)   :   0.00000000    0.00099204    0.00189597    0.00261229    0.00316732    0.00359600    0.00531799    0.00713177    0.00596189    0.00091354    0.00965358    0.01845453    0.02296661    0.01457465    0.01374235    0.01308151    0.01226623    0.01142649    0.01061566    0.00985101    0.00904199    0.00812095    0.00711750    0.00635114    0.00538133    0.00437233    0.00335498    0.00229602    0.00116954    0.00000000 
Fr_paral         :  -0.00001382   -0.00171293   -0.00335714   -0.00480699   -0.00615361   -0.00758295   -0.00996358   -0.01427800   -0.01403439    0.00032945    0.02486494    0.04911859    0.04930508    0.02449899    0.00945184    0.00383617    0.00043827   -0.00217561   -0.00358932   -0.00326445    0.00141013    0.00665257    0.00864683    0.00805806    0.00660450    0.00520371    0.00372313    0.00257957    0.00135607    0.00000871 
max(|Fsp_paral|) :   0.00000000    0.00067745    0.00113387    0.00152223    0.00190459    0.00231600    0.00269593    0.00256811    0.00158200    0.00041845    0.00465240    0.00832483    0.00473995    0.00039959    0.00032651    0.00019586    0.00005431    0.00000157    0.00007389    0.00002156    0.00007176    0.00007721    0.00001025    0.00000971    0.00002684    0.00003701    0.00003332    0.00002731    0.00001150    0.00000000 
max(|Fsp_perp|)  :   0.00000000    0.00000000    0.00000000    0.00000000    0.00000000    0.00000000    0.00000000    0.00000000    0.00000000    0.00000000    0.00000000    0.00000000    0.00000000    0.00000000    0.00000000    0.00000000    0.00000000    0.00000000    0.00000000    0.00000000    0.00000000    0.00000000    0.00000000    0.00000000    0.00000000    0.00000000    0.00000000    0.00000000    0.00000000    0.00000000 
max(|FNEB|)      :   0.00002536    0.00095524    0.00170146    0.00231693    0.00306205    0.00395137    0.00498006    0.00553726    0.00437989    0.00102188    0.01283300    0.02465228    0.02770655    0.01473818    0.01373484    0.01308179    0.01226703    0.01142652    0.01061674    0.00985118    0.00904150    0.00812125    0.00711750    0.00635039    0.00538041    0.00437236    0.00335594    0.00229738    0.00117025    0.00003511 
max(|Force|)     :   0.00002822    0.00147377    0.00290709    0.00413141    0.00506061    0.00562296    0.00780614    0.01184277    0.01123434    0.00095104    0.02123231    0.03990745    0.03997429    0.01888755    0.01388262    0.01307798    0.01226215    0.01145052    0.01064234    0.00986296    0.00903741    0.00810850    0.00765507    0.00670230    0.00551759    0.00436943    0.00328926    0.00224106    0.00115787    0.00003499 
ksp              :   0.01137580    0.01536263    0.02173304    0.03021123    0.04065991    0.05336095    0.06975381    0.08933390    0.10000000    0.10000000    0.08355796    0.03491167    0.01000000    0.01000000    0.01000000    0.01000000    0.01000000    0.01000000    0.01000000    0.01000000    0.01000000    0.01000000    0.01000000    0.01000000    0.01000000    0.01000000    0.01000000    0.01000000    0.01000000 
max(|step|)      :   0.00009077    0.00343262    0.00611721    0.00862980    0.01175818    0.01526492    0.01927375    0.02159536    0.01686131    0.00377516    0.04487200    0.08854009    0.10000000    0.05913140    0.04913079    0.04699172    0.04415975    0.04118147    0.03828880    0.03552048    0.03258274    0.02922696    0.02556666    0.02203536    0.01827881    0.01524998    0.01281458    0.01009004    0.00760514    0.00517814 
angle (deg.)     :    2.3724  2.3035  2.3084  2.4549  3.3608  7.3610  14.3517  15.3604  30.0998  7.1508  13.2143  22.5811  17.0861  7.1421  5.8263  6.7133  7.9124  10.0214  11.4302  11.0464  10.8615  9.4351  7.1158  5.5185  4.3625  4.3658  3.5604  3.5981 
>
iteration       : 8
climbing        : no
zoom on         : no
nim             : 30
barrier         :   0.02923126 (image:  9) 
distance        :   0.00000000    0.53158474    1.04975710    1.56468033    2.07835814    2.59293957    3.10830545    3.60976478    4.07111247    4.51331879    4.93677989    5.33184063    5.87648154    6.65414858    7.31784485    7.91091049    8.46815168    9.01544543    9.56055426   10.09258223   10.61665102   11.15564457   11.67943117   12.20074121   12.72016033   13.23489348   13.74335734   14.24650870   14.74530014   15.24225918 
energy          : -30.58097851  -30.58053887  -30.57927220  -30.57725569  -30.57457585  -30.57127562  -30.56728541  -30.56211383  -30.55552428  -30.55174725  -30.55741903  -30.57407328  -30.60334595  -30.62556734  -30.63168453  -30.63366866  -30.63389118  -30.63296653  -30.63130097  -30.62943625  -30.62853851  -30.63022126  -30.63387400  -30.63784174  -30.64125319  -30.64397554  -30.64599931  -30.64741817  -30.64833196  -30.64863554 
max(|Fr_perp|)   :   0.00000000    0.00092149    0.00173721    0.00237957    0.00282220    0.00307478    0.00357332    0.00567123    0.00420389    0.00090031    0.00805531    0.01527229    0.02142636    0.01265617    0.01236472    0.01139592    0.01057998    0.00986191    0.00918395    0.00855066    0.00787598    0.00706780    0.00614880    0.00538329    0.00445381    0.00350149    0.00259603    0.00173154    0.00087012    0.00000000 
Fr_paral         :  -0.00001286   -0.00166212   -0.00324973   -0.00464519   -0.00593824   -0.00725737   -0.00940268   -0.01428800   -0.01555900    0.00025561    0.02767308    0.05436530    0.05277406    0.01867055    0.00705576    0.00236112   -0.00092724   -0.00276703   -0.00387560   -0.00351034    0.00058524    0.00588243    0.00798216    0.00745753    0.00609313    0.00481214    0.00343647    0.00239408    0.00126598    0.00000811 
max(|Fsp_paral|) :   0.00000000    0.00065879    0.00110603    0.00148632    0.00187047    0.00230121    0.00268300    0.00239533    0.00146443    0.00091889    0.00535455    0.00839604    0.00382191    0.00065791    0.00046418    0.00023890    0.00006175    0.00001232    0.00006572    0.00003602    0.00006808    0.00006964    0.00001262    0.00001061    0.00002831    0.00004022    0.00003565    0.00003051    0.00001317    0.00000000 
max(|Fsp_perp|)  :   0.00000000    0.00000000    0.00000000    0.00000000    0.00000000    0.00000000    0.00000000    0.00000000    0.00000000    0.00000000    0.00000000    0.00000000    0.00000000    0.00000000    0.00000000    0.00000000    0.00000000    0.00000000    0.00000000    0.00000000    0.00000000    0.00000000    0.00000000    0.00000000    0.00000000    0.00000000    0.00000000    0.00000000    0.00000000    0.00000000 
max(|FNEB|)      :   0.00002298    0.00094141    0.00167973    0.00229414    0.00284862    0.00335496    0.00416675    0.00473140    0.00354095    0.00123405    0.01044239    0.01938167    0.02508390    0.01260222    0.01235855    0.01140288    0.01058659    0.00986690    0.00918984    0.00855522    0.00787796    0.00707174    0.00615118    0.00538614    0.00445563    0.00350347    0.00259815    0.00173362    0.00087111    0.00004120 
max(|Force|)     :   0.00002257    0.00137953    0.00270142    0.00383437    0.00474122    0.00540050    0.00588330    0.01060071    0.01081630    0.00092871    0.01998975    0.03749261    0.03503775    0.01363646    0.01249094    0.01139085    0.01059993    0.00991138    0.00923671    0.00858685    0.00787409    0.00702297    0.00653822    0.00590537    0.00505910    0.00400222    0.00291502    0.00194390    0.00099824    0.00004087 
ksp              :   0.01135369    0.01525390    0.02146293    0.02971440    0.03987602    0.05216203    0.06808554    0.08837294    0.10000000    0.10000000    0.08253526    0.03125529    0.01000000    0.01000000    0.01000000    0.01000000    0.01000000    0.01000000    0.01000000    0.01000000    0.01000000    0.01000000    0.01000000    0.01000000    0.01000000    0.01000000    0.01000000    0.01000000    0.01000000 
max(|step|)      :   0.00009160    0.00375305    0.00669644    0.00914587    0.01135638    0.01337497    0.01661124    0.01886228    0.01411643    0.00491971    0.04162983    0.07726736    0.10000000    0.05024025    0.04926885    0.04545894    0.04220473    0.03933558    0.03663639    0.03410643    0.03140642    0.02819236    0.02452244    0.02147248    0.01776292    0.01396699    0.01035786    0.00691130    0.00347280    0.00016425 
angle (deg.)     :    2.4180  2.3593  2.3975  2.6000  3.4457  7.5442  16.9213  18.9124  24.6307  6.0428  13.6899  31.4917  17.0699  6.9718  6.0392  7.0208  8.1362  10.3672  12.1683  12.0067  11.7676  10.2651  7.5857  5.7671  4.4140  4.4720  3.5408  3.5838 
>
iteration       : 9
climbing        : yes
zoom on         : no
nim             : 30
barrier         :   0.02921675 (image:  9) 
distance        :   0.00000000    0.53921315    1.06280128    1.58243466    2.10106740    2.62167807    3.14502639    3.65514744    4.11401059    4.53813761    4.93496487    5.30678290    5.89641996    6.75961936    7.45106677    8.05612418    8.62169470    9.17244444    9.72024591   10.25605864   10.78207347   11.32146857   11.84717207   12.37036350   12.89156688   13.40792413   13.91752158   14.42153489   14.92076803   15.41796903 
energy          : -30.58097852  -30.58054288  -30.57929696  -30.57732378  -30.57470544  -30.57147308  -30.56755333  -30.56246503  -30.55571735  -30.55176178  -30.55701361  -30.57310805  -30.60763834  -30.63019199  -30.63525046  -30.63647746  -30.63620055  -30.63492236  -30.63300563  -30.63094112  -30.62984626  -30.63130380  -30.63475306  -30.63849669  -30.64170051  -30.64424674  -30.64614589  -30.64747825  -30.64834559  -30.64863571 
max(|Fr_perp|)   :   0.00000000    0.00114414    0.00202064    0.00260063    0.00303306    0.00348147    0.00403127    0.00429523    0.00605208    0.00090450    0.00883724    0.01147053    0.01865076    0.01044661    0.00992726    0.00915598    0.00849711    0.00793145    0.00856148    0.01007877    0.01024767    0.00864279    0.00645159    0.00481260    0.00390234    0.00363316    0.00310190    0.00233997    0.00127475    0.00000000 
Fr_paral         :  -0.00001200   -0.00161931   -0.00315188   -0.00449233   -0.00574469   -0.00702669   -0.00905065   -0.01406129   -0.01601587   -0.00013961    0.02853303    0.05725860    0.05542702    0.01716476    0.00547433    0.00101884   -0.00185125   -0.00337826   -0.00443273   -0.00415519    0.00014541    0.00581545    0.00774278    0.00709319    0.00571960    0.00451673    0.00321393    0.00225449    0.00120422    0.00000855 
max(|Fsp_paral|) :   0.00000000    0.00064434    0.00108300    0.00145758    0.00185016    0.00231155    0.00271068    0.00219930    0.00097575    0.00143614    0.00500946    0.00632897    0.00505149    0.00099675    0.00057639    0.00026559    0.00009116    0.00001658    0.00005940    0.00004277    0.00005879    0.00005996    0.00001251    0.00001110    0.00002930    0.00004355    0.00003765    0.00003365    0.00001469    0.00000000 
max(|Fsp_perp|)  :   0.00000000    0.00000000    0.00000000    0.00000000    0.00000000    0.00000000    0.00000000    0.00000000    0.00000000    0.00000000    0.00000000    0.00000000    0.00000000    0.00000000    0.00000000    0.00000000    0.00000000    0.00000000    0.00000000    0.00000000    0.00000000    0.00000000    0.00000000    0.00000000    0.00000000    0.00000000    0.00000000    0.00000000    0.00000000    0.00000000 
max(|FNEB|)      :   0.00002454    0.00101380    0.00179240    0.00227823    0.00277645    0.00326061    0.00374534    0.00411866    0.00646335    0.00163111    0.01097435    0.01349570    0.02242103    0.01120361    0.00991805    0.00916445    0.00850380    0.00793514    0.00862120    0.01015103    0.01031164    0.00870611    0.00649259    0.00484133    0.00394109    0.00367274    0.00313544    0.00236576    0.00128795    0.00008142 
max(|Force|)     :   0.00002687    0.00130414    0.00242477    0.00331848    0.00411998    0.00471894    0.00567877    0.00927119    0.01083678    0.00089012    0.02238817    0.04262772    0.03414211    0.01161932    0.01001294    0.00914756    0.00854110    0.00800517    0.00874205    0.01029857    0.01031111    0.00840134    0.00601110    0.00558219    0.00478060    0.00386180    0.00295252    0.00207110    0.00113597    0.00008209 
ksp              :   0.01134219    0.01518066    0.02125948    0.02932562    0.03928302    0.05135782    0.06703246    0.08781883    0.10000000    0.10000000    0.08382301    0.03424206    0.01000000    0.01000000    0.01000000    0.01000000    0.01000000    0.01000000    0.01000000    0.01000000    0.01000000    0.01000000    0.01000000    0.01000000    0.01000000    0.01000000    0.01000000    0.01000000    0.01000000 
max(|step|)      :   0.00008088    0.00334072    0.00590637    0.00750731    0.00914907    0.01074448    0.01234178    0.01357197    0.02129829    0.00537490    0.03616311    0.04447156    0.07388263    0.03691856    0.03268233    0.03019905    0.02802206    0.02614817    0.02840891    0.03345006    0.03397932    0.02868870    0.02139463    0.01595335    0.01298683    0.01210255    0.01033202    0.00779575    0.00424409    0.00026831 
angle (deg.)     :    2.4610  2.4122  2.4738  2.7402  3.6504  7.7830  18.4264  20.6000  21.3196  10.1672  16.2478  35.6237  18.6238  7.3527  6.2652  7.2327  8.4161  10.6984  12.7690  12.8604  12.5681  11.0022  8.0227  6.0028  4.4605  4.5554  3.5240  3.5656 
>
iteration       : 10
climbing        : yes
zoom on         : no
nim             : 30
barrier         :   0.02920107 (image:  9) 
distance        :   0.00000000    0.54539928    1.07338515    1.59684973    2.11964304    2.64541979    3.17499200    3.68960497    4.14127425    4.55205513    4.93416403    5.30082381    5.90518578    6.84221507    7.56013675    8.17589982    8.74783866    9.30146202    9.85239575   10.39275939   10.92157916   11.46268676   11.99188626   12.51769004   13.04075717   13.55856350   14.06910669   14.57380764   15.07340461   15.57084815 
energy          : -30.58097854  -30.58054134  -30.57930163  -30.57735194  -30.57477271  -30.57158136  -30.56768638  -30.56260978  -30.55576396  -30.55177746  -30.55625576  -30.57180393  -30.60876801  -30.63291988  -30.63736362  -30.63811917  -30.63754401  -30.63606431  -30.63400076  -30.63180190  -30.63058133  -30.63190825  -30.63524415  -30.63885445  -30.64193588  -30.64437959  -30.64621181  -30.64750059  -30.64834922  -30.64863580 
max(|Fr_perp|)   :   0.00000000    0.00133148    0.00222790    0.00268637    0.00315879    0.00383074    0.00533608    0.00731856    0.01283376    0.00091474    0.02229493    0.02106030    0.01606655    0.00923002    0.00871900    0.00793111    0.00737776    0.00774569    0.01061130    0.01357813    0.01388544    0.01069540    0.00725047    0.00675928    0.00655187    0.00621066    0.00533863    0.00400897    0.00216889    0.00000000 
Fr_paral         :  -0.00001168   -0.00160418   -0.00310205   -0.00440288   -0.00563124   -0.00692365   -0.00899602   -0.01439572   -0.01687259   -0.00070859    0.02426036    0.05522132    0.05764343    0.01567632    0.00437624    0.00009802   -0.00217427   -0.00349247   -0.00432695   -0.00377844   -0.00018039    0.00500376    0.00718877    0.00668733    0.00542373    0.00430815    0.00307952    0.00217801    0.00117786    0.00001078 
max(|Fsp_paral|) :   0.00000000    0.00063854    0.00107102    0.00144209    0.00184472    0.00232988    0.00270511    0.00192450    0.00070875    0.00160435    0.00414968    0.00515984    0.00598990    0.00125440    0.00068755    0.00029493    0.00011275    0.00001507    0.00005166    0.00005099    0.00005301    0.00005009    0.00001652    0.00001516    0.00003180    0.00004693    0.00003952    0.00003608    0.00001563    0.00000000 
max(|Fsp_perp|)  :   0.00000000    0.00000000    0.00000000    0.00000000    0.00000000    0.00000000    0.00000000    0.00000000    0.00000000    0.00000000    0.00000000    0.00000000    0.00000000    0.00000000    0.00000000    0.00000000    0.00000000    0.00000000    0.00000000    0.00000000    0.00000000    0.00000000    0.00000000    0.00000000    0.00000000    0.00000000    0.00000000    0.00000000    0.00000000    0.00000000 
max(|FNEB|)      :   0.00003410    0.00151936    0.00258270    0.00322070    0.00348696    0.00404997    0.00466526    0.00663831    0.01266052    0.00098334    0.02125202    0.01868197    0.01975314    0.01048442    0.00870620    0.00793879    0.00738234    0.00774540    0.01060934    0.01357404    0.01389135    0.01068813    0.00724835    0.00675735    0.00654502    0.00620088    0.00533076    0.00400220    0.00216607    0.00013410 
max(|Force|)     :   0.00003477    0.00134834    0.00257768    0.00360090    0.00443943    0.00515909    0.00616395    0.00915343    0.01483489    0.00084614    0.02612512    0.03656233    0.03332534    0.01028925    0.00877383    0.00792939    0.00743218    0.00770822    0.01053087    0.01344440    0.01387675    0.01100115    0.00769897    0.00731256    0.00725889    0.00679096    0.00575380    0.00429813    0.00232324    0.00013366 
ksp              :   0.01134747    0.01516837    0.02117745    0.02912685    0.03896285    0.05096745    0.06661393    0.08771331    0.10000000    0.10000000    0.08619752    0.03827684    0.01000000    0.01000000    0.01000000    0.01000000    0.01000000    0.01000000    0.01000000    0.01000000    0.01000000    0.01000000    0.01000000    0.01000000    0.01000000    0.01000000    0.01000000    0.01000000    0.01000000 
max(|step|)      :   0.00010039    0.00431227    0.00765853    0.01041608    0.01295246    0.01528705    0.01742902    0.01904929    0.01311541    0.00503183    0.02872634    0.05506174    0.10000000    0.05200849    0.04402957    0.04055143    0.03769073    0.03531247    0.03310874    0.03111776    0.02910157    0.02652011    0.02324366    0.02120611    0.01969446    0.01689181    0.01437879    0.01149318    0.00883799    0.00618533 
angle (deg.)     :    2.5227  2.4857  2.5772  2.9335  3.9727  8.2623  20.5928  23.6378  17.6527  9.0669  16.7956  40.9304  21.0833  7.8246  6.5890  7.5184  8.7823  11.1333  13.5001  13.8596  13.5363  11.9279  8.5757  6.3138  4.5258  4.6800  3.5195  3.5509 
>
iteration       : 11
climbing        : yes
zoom on         : no
nim             : 30
barrier         :   0.02917764 (image:  9) 
distance        :   0.00000000    0.55423737    1.08853180    1.61751651    2.14637060    2.67970421    3.21813779    3.73869718    4.18172266    4.58252279    4.94511582    5.30007536    5.91443121    6.95663099    7.71210581    8.34355078    8.92390765    9.48143956   10.03622653   10.58170250   11.11413745   11.65724399   12.19032411   12.71936887   13.24491162   13.76477153   14.27668330   14.78243270   15.28263666   15.78056052 
energy          : -30.58097855  -30.58054294  -30.57931828  -30.57740390  -30.57487378  -30.57172813  -30.56785692  -30.56279685  -30.55597572  -30.55180091  -30.55585660  -30.57040677  -30.60950854  -30.63607398  -30.63974183  -30.63999126  -30.63909197  -30.63739540  -30.63516804  -30.63281840  -30.63147357  -30.63267593  -30.63589483  -30.63934567  -30.64227006  -30.64457574  -30.64631159  -30.64753556  -30.64835489  -30.64863596 
max(|Fr_perp|)   :   0.00000000    0.00165191    0.00277035    0.00332438    0.00341827    0.00406648    0.00610032    0.00902017    0.01292426    0.00091223    0.01883614    0.02161707    0.01210733    0.00790322    0.00686465    0.00681109    0.00782992    0.01112608    0.01484015    0.01851164    0.01883630    0.01493886    0.01008342    0.00811587    0.00821796    0.00781986    0.00675160    0.00509342    0.00276955    0.00000000 
Fr_paral         :  -0.00001097   -0.00156991   -0.00301907   -0.00427274   -0.00547290   -0.00676621   -0.00886009   -0.01428249   -0.01750721   -0.00116646    0.02377069    0.05418509    0.06034140    0.01363767    0.00311448   -0.00084738   -0.00259247   -0.00377381   -0.00450365   -0.00383192   -0.00041843    0.00462061    0.00682750    0.00631407    0.00509165    0.00404472    0.00289370    0.00206732    0.00113790    0.00001233 
max(|Fsp_paral|) :   0.00000000    0.00062695    0.00105290    0.00142381    0.00184423    0.00235972    0.00268629    0.00152908    0.00075949    0.00224462    0.00338323    0.00311145    0.00733689    0.00160713    0.00084442    0.00034231    0.00014079    0.00001531    0.00004468    0.00005871    0.00004715    0.00004298    0.00001901    0.00001921    0.00003435    0.00005158    0.00004187    0.00003944    0.00001665    0.00000000 
max(|Fsp_perp|)  :   0.00000000    0.00000000    0.00000000    0.00000000    0.00000000    0.00000000    0.00000000    0.00000000    0.00000000    0.00000000    0.00000000    0.00000000    0.00000000    0.00000000    0.00000000    0.00000000    0.00000000    0.00000000    0.00000000    0.00000000    0.00000000    0.00000000    0.00000000    0.00000000    0.00000000    0.00000000    0.00000000    0.00000000    0.00000000    0.00000000 
max(|FNEB|)      :   0.00004088    0.00180986    0.00307397    0.00382916    0.00414618    0.00496456    0.00542669    0.00852365    0.01284629    0.00101859    0.01810317    0.02044886    0.01511648    0.00950910    0.00685616    0.00688147    0.00788672    0.01120777    0.01494739    0.01864419    0.01898223    0.01504402    0.01015528    0.00816602    0.00826435    0.00785987    0.00678686    0.00511889    0.00278437    0.00016066 
max(|Force|)     :   0.00004148    0.00155903    0.00257462    0.00329303    0.00409037    0.00487018    0.00699432    0.01094830    0.01513439    0.00096036    0.02299879    0.03647868    0.03120144    0.00849763    0.00689941    0.00690630    0.00808147    0.01116832    0.01486506    0.01851295    0.01895630    0.01533161    0.01068386    0.00892559    0.00893520    0.00841513    0.00718559    0.00540123    0.00293724    0.00015976 
ksp              :   0.01134427    0.01512300    0.02102915    0.02883404    0.03853709    0.05047812    0.06608758    0.08713045    0.10000000    0.10000000    0.08750301    0.04262716    0.01000000    0.01000000    0.01000000    0.01000000    0.01000000    0.01000000    0.01000000    0.01000000    0.01000000    0.01000000    0.01000000    0.01000000    0.01000000    0.01000000    0.01000000    0.01000000    0.01000000 
max(|step|)      :   0.00007160    0.00317007    0.00538423    0.00670700    0.00726227    0.00869571    0.00950517    0.01492966    0.02250101    0.00178412    0.03170874    0.03581736    0.02647739    0.01665574    0.01200895    0.01205329    0.01381405    0.01963105    0.02618122    0.03265637    0.03324847    0.02635047    0.01778755    0.01430326    0.01447549    0.01376701    0.01188758    0.00896604    0.00487699    0.00028141 
angle (deg.)     :    2.5372  2.4988  2.5992  2.9905  4.1067  8.5019  21.3764  24.5670  17.0163  5.6701  13.7546  42.2895  22.5542  7.8447  6.6253  7.6017  8.8685  11.2362  13.6011  13.9660  13.6960  12.1277  8.7036  6.3963  4.5378  4.7140  3.4998  3.5182 
>
