NEB log file generated by ORCA
All quantities are given in atomic units. Unless stated otherwise. 
iteration       : 0
climbing        : no
zoom on         : no
nim             : 30
barrier         :   0.02457078 (image: 10) 
distance        :   0.00000000    0.40244593    0.80492182    1.20742449    1.60992882    2.01236444    2.41487627    2.81738820    3.21987563    3.62233168    4.03030224    4.43870919    4.84785123    5.25788505    5.66883402    6.08060318    6.49300251    6.90578508    7.31870201    7.73155349    8.14464601    8.55796968    8.97128131    9.38429116    9.79671383   10.20831937   10.61897766   11.02869216   11.43762201   11.84608812 
energy          : -30.57795456  -30.57706962  -30.57470559  -30.57122828  -30.56703379  -30.56263556  -30.55865754  -30.55567380  -30.55404103  -30.55385512  -30.55338378  -30.55338778  -30.55476690  -30.55792275  -30.56276274  -30.56889314  -30.57594173  -30.58357931  -30.59149200  -30.59957928  -30.60766709  -30.61560312  -30.62323832  -30.63040330  -30.63696199  -30.64279753  -30.64772736  -30.65155135  -30.65400916  -30.65488745 
max(|Fr_perp|)   :   0.00000000    0.00939467    0.01627627    0.02093551    0.02342898    0.02350570    0.02095921    0.01597064    0.00894788    0.00105496    0.01457009    0.02851424    0.04138231    0.05270575    0.06180356    0.06848030    0.07303641    0.07589604    0.07760841    0.07860847    0.07864278    0.07727054    0.07431786    0.06970975    0.06337098    0.05518947    0.04502633    0.03265019    0.01777527    0.00000000 
Fr_paral         :  -0.00002876   -0.00422047   -0.00744719   -0.00975844   -0.01097321   -0.01072377   -0.00888758   -0.00584954   -0.00227862   -0.00082661   -0.00088327    0.00121305    0.00530267    0.00967929    0.01336474    0.01601442    0.01785342    0.01887903    0.01942067    0.01970615    0.01946962    0.01894600    0.01800426    0.01667766    0.01507555    0.01314773    0.01070166    0.00775391    0.00414829    0.00000755 
max(|Fsp_paral|) :   0.00000000    0.00119724    0.00176195    0.00212574    0.00222744    0.00201710    0.00151052    0.00082476    0.00009290    0.00063741    0.00002188    0.00003594    0.00095379    0.00219025    0.00331757    0.00413982    0.00468893    0.00133689    0.00000032    0.00000102    0.00000097    0.00000005    0.00000127    0.00000247    0.00000347    0.00000406    0.00000409    0.00000345    0.00000207    0.00000000 
max(|Fsp_perp|)  :   0.00000000    0.00000000    0.00000000    0.00000000    0.00000000    0.00000000    0.00000000    0.00000000    0.00000000    0.00000000    0.00000000    0.00000000    0.00000000    0.00000000    0.00000000    0.00000000    0.00000000    0.00000000    0.00000000    0.00000000    0.00000000    0.00000000    0.00000000    0.00000000    0.00000000    0.00000000    0.00000000    0.00000000    0.00000000    0.00000000 
max(|FNEB|)      :   0.00008785    0.00851932    0.01498171    0.01936504    0.02177480    0.02200078    0.01982784    0.01535092    0.00887802    0.00114263    0.01457435    0.02852051    0.04127902    0.05242745    0.06132674    0.06782127    0.07222302    0.07565931    0.07762740    0.07862956    0.07866797    0.07730064    0.07435263    0.06974838    0.06341228    0.05523158    0.04506648    0.03268421    0.01779697    0.00004543 
max(|Force|)     :   0.00009308    0.01046729    0.01817600    0.02343395    0.02624766    0.02626755    0.02325223    0.01748107    0.00953583    0.00099694    0.01453086    0.02857320    0.04167107    0.05329719    0.06270441    0.06965282    0.07443828    0.07746897    0.07930889    0.08040823    0.08048339    0.07911164    0.07610532    0.07139178    0.06490773    0.05653824    0.04612777    0.03344896    0.01820275    0.00004626 
ksp              :   0.01324384    0.02190788    0.03464953    0.05001632    0.06612615    0.08069308    0.09161580    0.09759037    0.09826849    0.10000000    0.10000000    0.09999885    0.09496612    0.08342731    0.06571775    0.04327721    0.01746873    0.01000000    0.01000000    0.01000000    0.01000000    0.01000000    0.01000000    0.01000000    0.01000000    0.01000000    0.01000000    0.01000000    0.01000000 
max(|step|)      :   0.00011167    0.01082947    0.01904423    0.02461617    0.02767937    0.02796663    0.02520446    0.01951355    0.01128543    0.00145247    0.01852641    0.03625429    0.05247247    0.06664396    0.07795643    0.08621205    0.09180741    0.09617550    0.09867727    0.09995117    0.10000000    0.09826190    0.09451450    0.08866173    0.08060750    0.07020848    0.05728695    0.04154704    0.02262289    0.00005775 
angle (deg.)     :    1.0216  0.9608  0.9444  1.0395  1.1307  1.0744  0.9755  1.0161  68.0132  1.7324  1.7491  1.8388  1.9142  1.9466  1.9150  1.8883  1.9218  1.9396  1.8895  1.8721  1.8729  1.8731  1.8694  1.8620  1.8431  1.8408  1.8402  1.8636 
>
iteration       : 1
climbing        : no
zoom on         : no
nim             : 30
barrier         :   0.02409146 (image:  9) 
distance        :   0.00000000    0.40747600    0.81243610    1.21655725    1.61962769    2.02142342    2.42221242    2.82242082    3.22255435    3.62772810    4.03492140    4.44419183    4.85096073    5.25759584    5.66514705    6.07421608    6.48467408    6.90700143    7.32386038    7.73681566    8.15007811    8.56359947    8.97711152    9.39031499    9.80292508   10.21472924   10.62563727   11.03572151   11.44523994   11.85465205 
energy          : -30.57795458  -30.57734562  -30.57557161  -30.57272131  -30.56898680  -30.56469098  -30.56036218  -30.55671057  -30.55439222  -30.55386312  -30.55398029  -30.55556175  -30.55910776  -30.56456946  -30.57137698  -30.57888945  -30.58674239  -30.59497405  -30.60310581  -30.61109926  -30.61879288  -30.62597976  -30.63253191  -30.63833451  -30.64332506  -30.64748202  -30.65074922  -30.65308699  -30.65444697  -30.65488749 
max(|Fr_perp|)   :   0.00000000    0.00665881    0.01245107    0.01709784    0.02023504    0.02131139    0.01976932    0.01554166    0.00896715    0.00105434    0.01352972    0.02724000    0.03994390    0.05060341    0.05835592    0.06322159    0.06595675    0.06776087    0.06840655    0.06737926    0.06474331    0.06065278    0.05522513    0.04862768    0.04106567    0.03276781    0.02404673    0.01530606    0.00706104    0.00000000 
Fr_paral         :  -0.00002949   -0.00304891   -0.00592441   -0.00846785   -0.01044085   -0.01134147   -0.01052806   -0.00785615   -0.00383856   -0.00051135    0.00174144    0.00609676    0.01126751    0.01553507    0.01804869    0.01911369    0.01956458    0.01967276    0.01952521    0.01917470    0.01819063    0.01683993    0.01514980    0.01322932    0.01122698    0.00916763    0.00691774    0.00460332    0.00220425    0.00000813 
max(|Fsp_paral|) :   0.00000000    0.00091629    0.00148127    0.00193138    0.00220334    0.00220478    0.00184992    0.00117605    0.00043820    0.00009393    0.00001439    0.00130643    0.00260179    0.00387028    0.00471884    0.00448672    0.00005209    0.00002360    0.00001664    0.00000130    0.00000109    0.00000004    0.00000130    0.00000250    0.00000343    0.00000385    0.00000359    0.00000250    0.00000048    0.00000000 
max(|Fsp_perp|)  :   0.00000000    0.00000000    0.00000000    0.00000000    0.00000000    0.00000000    0.00000000    0.00000000    0.00000000    0.00000000    0.00000000    0.00000000    0.00000000    0.00000000    0.00000000    0.00000000    0.00000000    0.00000000    0.00000000    0.00000000    0.00000000    0.00000000    0.00000000    0.00000000    0.00000000    0.00000000    0.00000000    0.00000000    0.00000000    0.00000000 
max(|FNEB|)      :   0.00006859    0.00604654    0.01142591    0.01571539    0.01859873    0.01960851    0.01828778    0.01457189    0.00859740    0.00108041    0.01353212    0.02700168    0.03943582    0.04981208    0.05737443    0.06228615    0.06596763    0.06775591    0.06840297    0.06737954    0.06474355    0.06065277    0.05522485    0.04862718    0.04106502    0.03276715    0.02404618    0.01530572    0.00706099    0.00003948 
max(|Force|)     :   0.00007722    0.00736248    0.01386770    0.01919115    0.02290757    0.02431905    0.02264954    0.01774435    0.01006320    0.00098833    0.01367613    0.02778783    0.04100420    0.05209501    0.06007378    0.06500281    0.06775024    0.06954729    0.07019670    0.06916722    0.06643949    0.06218933    0.05656018    0.04974143    0.04195785    0.03344528    0.02451339    0.01558196    0.00717395    0.00004043 
ksp              :   0.01227493    0.01890220    0.02955026    0.04350152    0.05954967    0.07572105    0.08936258    0.09802340    0.10000000    0.10000000    0.09956227    0.09365430    0.08040726    0.06000365    0.03457236    0.01000000    0.01000000    0.01000000    0.01000000    0.01000000    0.01000000    0.01000000    0.01000000    0.01000000    0.01000000    0.01000000    0.01000000    0.01000000    0.01000000 
max(|step|)      :   0.00010248    0.00858893    0.01640952    0.02276886    0.02712888    0.02875315    0.02692365    0.02151872    0.01271499    0.00149092    0.01998039    0.03990826    0.05831641    0.07358778    0.08458241    0.09159530    0.09691736    0.09927920    0.10000000    0.09812342    0.09374712    0.08720310    0.07871321    0.06856536    0.05711105    0.04474568    0.03200701    0.01959867    0.00841508    0.00329643 
angle (deg.)     :    1.3174  1.3439  1.4364  1.7127  2.0224  2.0105  1.8009  1.8117  65.2397  1.8187  1.8918  2.1959  2.3972  2.3144  2.1207  2.1190  1.9943  2.0007  1.9525  1.9243  1.9034  1.8873  1.8708  1.8458  1.7965  1.7786  1.7631  1.7929 
>
iteration       : 2
climbing        : no
zoom on         : no
nim             : 30
barrier         :   0.02407989 (image:  9) 
distance        :   0.00000000    0.41179772    0.81987198    1.22677814    1.63209125    2.03508856    2.43535634    2.83335037    3.23088247    3.63685974    4.04535848    4.45082467    4.85392185    5.25689511    5.66233944    6.07321634    6.50153209    6.92306093    7.33982101    7.75302788    8.16666354    8.58081703    8.99503437    9.40895269    9.82226582   10.23474197   10.64625142   11.05683225   11.46666842   11.87613513 
energy          : -30.57795459  -30.57751030  -30.57616036  -30.57385211  -30.57060625  -30.56654385  -30.56201981  -30.55778722  -30.55478092  -30.55387470  -30.55458804  -30.55780035  -30.56351546  -30.57103254  -30.57928645  -30.58763046  -30.59617387  -30.60448923  -30.61240262  -30.61976670  -30.62649703  -30.63249996  -30.63775791  -30.64226249  -30.64604810  -30.64917439  -30.65164621  -30.65344967  -30.65452624  -30.65488745 
max(|Fr_perp|)   :   0.00000000    0.00428842    0.00862252    0.01262583    0.01580897    0.01751316    0.01697961    0.01381056    0.00817926    0.00097347    0.01351342    0.02695302    0.03881037    0.04755129    0.05274424    0.05571197    0.05753714    0.05731666    0.05530399    0.05175404    0.04698331    0.04132180    0.03513209    0.02878257    0.02259082    0.01682613    0.01166406    0.00719093    0.00337203    0.00000000 
Fr_paral         :  -0.00002981   -0.00225288   -0.00465917   -0.00714583   -0.00957038   -0.01148532   -0.01186512   -0.00983445   -0.00551245    0.00007837    0.00461828    0.01124020    0.01722745    0.02060471    0.02127053    0.02070985    0.02015299    0.01965195    0.01865794    0.01734266    0.01562730    0.01383252    0.01197457    0.01014477    0.00844873    0.00688284    0.00524017    0.00357034    0.00175623    0.00000757 
max(|Fsp_paral|) :   0.00000000    0.00070061    0.00121431    0.00169478    0.00208780    0.00227411    0.00208247    0.00148485    0.00072634    0.00009067    0.00068475    0.00246364    0.00412310    0.00524179    0.00475650    0.00007724    0.00002965    0.00002049    0.00001508    0.00000181    0.00000218    0.00000027    0.00000126    0.00000256    0.00000358    0.00000418    0.00000406    0.00000330    0.00000167    0.00000000 
max(|Fsp_perp|)  :   0.00000000    0.00000000    0.00000000    0.00000000    0.00000000    0.00000000    0.00000000    0.00000000    0.00000000    0.00000000    0.00000000    0.00000000    0.00000000    0.00000000    0.00000000    0.00000000    0.00000000    0.00000000    0.00000000    0.00000000    0.00000000    0.00000000    0.00000000    0.00000000    0.00000000    0.00000000    0.00000000    0.00000000    0.00000000    0.00000000 
max(|FNEB|)      :   0.00006078    0.00424136    0.00826895    0.01171934    0.01430265    0.01573166    0.01521373    0.01246704    0.00748619    0.00102344    0.01333254    0.02624766    0.03760493    0.04604847    0.05147558    0.05574907    0.05755274    0.05734049    0.05533483    0.05179299    0.04702498    0.04136369    0.03517202    0.02881854    0.02262128    0.01685016    0.01168148    0.00720206    0.00337746    0.00003598 
max(|Force|)     :   0.00006954    0.00476602    0.00966439    0.01431563    0.01822264    0.02062330    0.02040950    0.01680549    0.00992754    0.00098584    0.01412294    0.02852553    0.04123579    0.05033644    0.05537028    0.05800393    0.05957970    0.05924266    0.05708139    0.05333003    0.04831524    0.04240553    0.03598049    0.02942301    0.02305802    0.01715219    0.01187268    0.00730818    0.00341954    0.00003686 
ksp              :   0.01166171    0.01671040    0.02534227    0.03747861    0.05266502    0.06957293    0.08538735    0.09661685    0.10000000    0.10000000    0.09734006    0.08535052    0.06401120    0.03593385    0.01000000    0.01000000    0.01000000    0.01000000    0.01000000    0.01000000    0.01000000    0.01000000    0.01000000    0.01000000    0.01000000    0.01000000    0.01000000    0.01000000    0.01000000 
max(|step|)      :   0.00010561    0.00736952    0.01436761    0.02036278    0.02485138    0.02733433    0.02643441    0.02166194    0.01300753    0.00177826    0.02316578    0.04560628    0.06533995    0.08001091    0.08944071    0.09686607    0.10000000    0.09963122    0.09614631    0.08999223    0.08170763    0.07187093    0.06111268    0.05007327    0.03930531    0.02927778    0.02029700    0.01251384    0.00586846    0.00006252 
angle (deg.)     :    1.4133  1.5744  1.8305  2.3570  3.0069  3.2084  2.9607  2.9185  61.6035  2.0944  2.4674  3.1306  3.3589  2.8738  2.4987  2.2544  2.1371  2.1199  2.0304  1.9712  1.9066  1.8675  1.8407  1.8035  1.7396  1.7289  1.7341  1.8166 
>
iteration       : 3
climbing        : no
zoom on         : no
nim             : 30
barrier         :   0.02406616 (image:  9) 
distance        :   0.00000000    0.41587327    0.82736791    1.23783532    1.64673079    2.05270519    2.45395800    2.85040555    3.24524569    3.65061876    4.05931173    4.45961147    4.85797737    5.25833858    5.66774591    6.09970432    6.52954371    6.95203396    7.36951756    7.78368849    8.19832550    8.61355093    9.02876679    9.44355412    9.85759091   10.27063580   10.68255468   11.09342150   11.50344869   11.91305357 
energy          : -30.57795461  -30.57761303  -30.57656898  -30.57472125  -30.57197556  -30.56825928  -30.56368954  -30.55894881  -30.55522490  -30.55388845  -30.55528307  -30.56032041  -30.56830041  -30.57761827  -30.58692749  -30.59614495  -30.60474325  -30.61260542  -30.61965510  -30.62589725  -30.63141300  -30.63623988  -30.64045844  -30.64410749  -30.64723000  -30.64987203  -30.65201120  -30.65360274  -30.65456323  -30.65488739 
max(|Fr_perp|)   :   0.00000000    0.00308398    0.00649754    0.00994772    0.01295170    0.01477872    0.01460231    0.01242486    0.00757157    0.00097700    0.01285355    0.02568747    0.03631462    0.04275569    0.04624134    0.04780557    0.04651601    0.04329851    0.03870378    0.03328901    0.02755300    0.02199008    0.01695722    0.01265632    0.00914024    0.00636034    0.00484030    0.00327523    0.00166084    0.00000000 
Fr_paral         :  -0.00002965   -0.00170759   -0.00363288   -0.00585574   -0.00843577   -0.01116487   -0.01288162   -0.01183576   -0.00738786    0.00020725    0.00793143    0.01708103    0.02330668    0.02466112    0.02321848    0.02137499    0.01977584    0.01817476    0.01625987    0.01444654    0.01262938    0.01103611    0.00957577    0.00822384    0.00699548    0.00585126    0.00455532    0.00316238    0.00156688    0.00000709 
max(|Fsp_paral|) :   0.00000000    0.00054372    0.00098675    0.00145607    0.00193022    0.00228231    0.00226667    0.00177077    0.00106054    0.00011758    0.00141662    0.00367034    0.00558041    0.00640620    0.00013059    0.00000934    0.00003189    0.00002143    0.00001402    0.00000197    0.00000248    0.00000004    0.00000181    0.00000319    0.00000426    0.00000489    0.00000462    0.00000374    0.00000191    0.00000000 
max(|Fsp_perp|)  :   0.00000000    0.00000000    0.00000000    0.00000000    0.00000000    0.00000000    0.00000000    0.00000000    0.00000000    0.00000000    0.00000000    0.00000000    0.00000000    0.00000000    0.00000000    0.00000000    0.00000000    0.00000000    0.00000000    0.00000000    0.00000000    0.00000000    0.00000000    0.00000000    0.00000000    0.00000000    0.00000000    0.00000000    0.00000000    0.00000000 
max(|FNEB|)      :   0.00005594    0.00311977    0.00653079    0.00993947    0.01284138    0.01450458    0.01406324    0.01112964    0.00651103    0.00100969    0.01230350    0.02416815    0.03405289    0.04037126    0.04619952    0.04780299    0.04650814    0.04329374    0.03870097    0.03328935    0.02755337    0.02199007    0.01695704    0.01265607    0.00913999    0.00636012    0.00483977    0.00327478    0.00166060    0.00003218 
max(|Force|)     :   0.00006467    0.00304474    0.00645473    0.00995932    0.01383035    0.01714665    0.01849098    0.01631162    0.01016025    0.00098143    0.01434401    0.02906316    0.04078324    0.04700166    0.04959605    0.05040305    0.04863299    0.04503096    0.04008242    0.03434987    0.02833942    0.02255634    0.01735287    0.01292541    0.00931846    0.00660868    0.00506874    0.00344612    0.00175131    0.00003300 
ksp              :   0.01127738    0.01518182    0.02209174    0.03235977    0.04625753    0.06334695    0.08107581    0.09500208    0.10000000    0.10000000    0.09478455    0.07594645    0.04610372    0.01125780    0.01000000    0.01000000    0.01000000    0.01000000    0.01000000    0.01000000    0.01000000    0.01000000    0.01000000    0.01000000    0.01000000    0.01000000    0.01000000    0.01000000    0.01000000 
max(|step|)      :   0.00011975    0.00617641    0.01328468    0.02071881    0.02733746    0.03142344    0.03087921    0.02461662    0.01436727    0.00241458    0.02646209    0.05181926    0.07258456    0.08514276    0.09810264    0.10000000    0.09529438    0.08643863    0.07481536    0.06181611    0.04863981    0.03647290    0.02609580    0.01953799    0.01665487    0.01352494    0.01021179    0.00679248    0.00431365    0.00411771 
angle (deg.)     :    1.2813  1.5181  1.9506  2.8168  4.0220  4.8019  4.7047  4.6005  56.3274  2.7328  3.8502  5.0728  4.4677  3.7139  3.0256  2.6101  2.2670  2.1650  1.9952  1.9006  1.8266  1.8204  1.8259  1.8000  1.7283  1.7135  1.7265  1.8543 
>
iteration       : 4
climbing        : no
zoom on         : no
nim             : 30
barrier         :   0.02404890 (image:  9) 
distance        :   0.00000000    0.41923998    0.83402022    1.24868104    1.66302820    2.07515298    2.48069340    2.87732233    3.26898876    3.67066969    4.07489642    4.46526956    4.85688743    5.25790876    5.71078677    6.14218924    6.57498605    6.99977765    7.41923441    7.83523173    8.25122362    8.66745516    9.08329573    9.49842911    9.91264930   10.32577744   10.73772561   11.14861028   11.55865342   11.96828555 
energy          : -30.57795462  -30.57767342  -30.57683459  -30.57535613  -30.57310596  -30.56986093  -30.56543879  -30.56027635  -30.55576318  -30.55390572  -30.55611202  -30.56324244  -30.57352548  -30.58424141  -30.59513488  -30.60416036  -30.61189415  -30.61853613  -30.62431858  -30.62941383  -30.63398768  -30.63808813  -30.64176707  -30.64501627  -30.64783742  -30.65025185  -30.65222246  -30.65369629  -30.65458676  -30.65488728 
max(|Fr_perp|)   :   0.00000000    0.00208801    0.00462152    0.00755854    0.01064658    0.01322592    0.01399555    0.01174044    0.00678824    0.00096590    0.01197799    0.02330272    0.03176861    0.03647478    0.03814577    0.03576500    0.03199395    0.02728554    0.02269356    0.01867668    0.01539540    0.01281554    0.01073163    0.00894901    0.00730902    0.00573100    0.00419255    0.00272077    0.00133531    0.00000000 
Fr_paral         :  -0.00002932   -0.00136442   -0.00286497   -0.00466887   -0.00706160   -0.01028188   -0.01347286   -0.01397558   -0.00968306    0.00021847    0.01203018    0.02407504    0.02927280    0.02748295    0.02392333    0.02033161    0.01728753    0.01512474    0.01322148    0.01180156    0.01052146    0.00944481    0.00840228    0.00735423    0.00634025    0.00536077    0.00419992    0.00293016    0.00144931    0.00000670 
max(|Fsp_paral|) :   0.00000000    0.00043979    0.00080772    0.00122834    0.00173427    0.00222648    0.00239635    0.00220112    0.00144562    0.00010157    0.00216181    0.00477842    0.00684565    0.00280711    0.00009620    0.00000605    0.00003460    0.00002285    0.00001463    0.00000003    0.00000101    0.00000166    0.00000301    0.00000390    0.00000471    0.00000516    0.00000469    0.00000375    0.00000186    0.00000000 
max(|Fsp_perp|)  :   0.00000000    0.00000000    0.00000000    0.00000000    0.00000000    0.00000000    0.00000000    0.00000000    0.00000000    0.00000000    0.00000000    0.00000000    0.00000000    0.00000000    0.00000000    0.00000000    0.00000000    0.00000000    0.00000000    0.00000000    0.00000000    0.00000000    0.00000000    0.00000000    0.00000000    0.00000000    0.00000000    0.00000000    0.00000000    0.00000000 
max(|FNEB|)      :   0.00005021    0.00214405    0.00469366    0.00761317    0.01060483    0.01295845    0.01345041    0.01110712    0.00661330    0.00098375    0.01081035    0.02054743    0.02810671    0.03523870    0.03813290    0.03579396    0.03201890    0.02731470    0.02272281    0.01870465    0.01541999    0.01283691    0.01075036    0.00896536    0.00732296    0.00574235    0.00420118    0.00272659    0.00133832    0.00002867 
max(|Force|)     :   0.00005884    0.00203569    0.00454103    0.00749902    0.01072137    0.01366508    0.01583157    0.01531976    0.01016075    0.00097585    0.01504132    0.02974792    0.03903726    0.04206937    0.04197531    0.03835520    0.03367649    0.02843718    0.02347433    0.01919882    0.01573983    0.01304454    0.01088762    0.00906004    0.00739054    0.00579033    0.00423157    0.00274283    0.00134404    0.00002942 
ksp              :   0.01105282    0.01419352    0.01972933    0.02815457    0.04030336    0.05685501    0.07617138    0.09305380    0.10000000    0.10000000    0.09175081    0.06508518    0.02662213    0.01000000    0.01000000    0.01000000    0.01000000    0.01000000    0.01000000    0.01000000    0.01000000    0.01000000    0.01000000    0.01000000    0.01000000    0.01000000    0.01000000    0.01000000    0.01000000 
max(|step|)      :   0.00013167    0.00562258    0.01230869    0.01996484    0.02781019    0.03398234    0.03527247    0.02912739    0.01734277    0.00257979    0.02834915    0.05388372    0.07370724    0.09241023    0.10000000    0.09386633    0.08396661    0.07163028    0.05958848    0.04905121    0.04043749    0.03366360    0.02819182    0.02351082    0.01920377    0.01505879    0.01101720    0.00715024    0.00350961    0.00007517 
angle (deg.)     :    1.2572  1.4706  1.9490  3.0993  4.9924  6.7242  7.0566  6.7329  49.4838  3.4740  5.9764  7.4889  6.3313  4.9868  3.6838  2.7297  2.2731  2.1150  1.9649  1.9215  1.8571  1.8524  1.8565  1.8118  1.7137  1.6870  1.7102  1.8935 
>
iteration       : 5
climbing        : no
zoom on         : no
nim             : 30
barrier         :   0.02402859 (image:  9) 
distance        :   0.00000000    0.42287772    0.84109648    1.26025505    1.68109741    2.10175622    2.51495605    2.91425759    3.30309480    3.69969382    4.09699013    4.47524259    4.86094251    5.29453649    5.77244954    6.21134038    6.64936927    7.07769941    7.49953563    7.91731859    8.33441981    8.75142990    9.16778767    9.58329188    9.99780728   10.41115072   10.82324947   11.23425070   11.64439025   12.05412491 
energy          : -30.57795463  -30.57771549  -30.57702045  -30.57581857  -30.57399514  -30.57126520  -30.56716456  -30.56170708  -30.55636771  -30.55392604  -30.55699926  -30.56627454  -30.57865372  -30.59139151  -30.60259863  -30.61048684  -30.61687462  -30.62234882  -30.62723190  -30.63165781  -30.63572607  -30.63942695  -30.64277957  -30.64575707  -30.64835002  -30.65057872  -30.65240615  -30.65377803  -30.65460747  -30.65488716 
max(|Fr_perp|)   :   0.00000000    0.00143859    0.00271969    0.00485341    0.00762588    0.01072762    0.01273542    0.01145546    0.00670698    0.00095028    0.00982690    0.01920176    0.02629182    0.03004159    0.02645139    0.02112894    0.01531929    0.01113898    0.01037733    0.00949718    0.00855878    0.00760806    0.00666036    0.00572532    0.00491316    0.00412424    0.00322950    0.00223172    0.00114437    0.00000000 
Fr_paral         :  -0.00002898   -0.00112575   -0.00230662   -0.00369600   -0.00567444   -0.00893278   -0.01344039   -0.01603753   -0.01224654    0.00016078    0.01661713    0.03148448    0.03429632    0.02904923    0.02205934    0.01688649    0.01396005    0.01242115    0.01116716    0.01028139    0.00937295    0.00853460    0.00766145    0.00674031    0.00583220    0.00495688    0.00389845    0.00273072    0.00134755    0.00000633 
max(|Fsp_paral|) :   0.00000000    0.00036579    0.00067293    0.00103181    0.00152089    0.00211591    0.00248453    0.00265554    0.00184859    0.00003075    0.00280633    0.00560729    0.00731374    0.00019877    0.00017225    0.00000373    0.00004171    0.00002778    0.00001708    0.00000289    0.00000038    0.00000277    0.00000364    0.00000423    0.00000508    0.00000547    0.00000487    0.00000386    0.00000183    0.00000000 
max(|Fsp_perp|)  :   0.00000000    0.00000000    0.00000000    0.00000000    0.00000000    0.00000000    0.00000000    0.00000000    0.00000000    0.00000000    0.00000000    0.00000000    0.00000000    0.00000000    0.00000000    0.00000000    0.00000000    0.00000000    0.00000000    0.00000000    0.00000000    0.00000000    0.00000000    0.00000000    0.00000000    0.00000000    0.00000000    0.00000000    0.00000000    0.00000000 
max(|FNEB|)      :   0.00004739    0.00152104    0.00306414    0.00494739    0.00764769    0.01049376    0.01205290    0.01065751    0.00663326    0.00095016    0.00776345    0.01482546    0.02132306    0.03014390    0.02638640    0.02112800    0.01531235    0.01113774    0.01037658    0.00949705    0.00855876    0.00760793    0.00666017    0.00572507    0.00491373    0.00412477    0.00322989    0.00223195    0.00114444    0.00002464 
max(|Force|)     :   0.00005592    0.00162990    0.00310362    0.00473383    0.00759708    0.01107093    0.01396482    0.01487773    0.01068808    0.00096856    0.01530571    0.03001650    0.03668602    0.03674776    0.03012518    0.02298160    0.01631740    0.01151460    0.01058477    0.00968876    0.00874160    0.00778576    0.00683550    0.00589553    0.00495931    0.00401919    0.00309166    0.00215823    0.00112028    0.00002534 
ksp              :   0.01089573    0.01349903    0.01800071    0.02483045    0.03505553    0.05041461    0.07085582    0.09085464    0.10000000    0.10000000    0.08848913    0.05374825    0.01000000    0.01000000    0.01000000    0.01000000    0.01000000    0.01000000    0.01000000    0.01000000    0.01000000    0.01000000    0.01000000    0.01000000    0.01000000    0.01000000    0.01000000    0.01000000    0.01000000 
max(|step|)      :   0.00015725    0.00504883    0.01017598    0.01644690    0.02529327    0.03470525    0.03984634    0.03590200    0.02265393    0.00381969    0.02593216    0.04928768    0.07078522    0.10000000    0.08739192    0.06984092    0.05045724    0.03669014    0.03413440    0.03118129    0.02803931    0.02486526    0.02170743    0.01859511    0.01550312    0.01253139    0.00958095    0.00630489    0.00431480    0.00455121 
angle (deg.)     :    1.2846  1.4136  1.7634  2.9990  5.6660  9.0350  10.4799  9.5188  40.4611  4.7966  9.0623  10.7128  10.3344  6.1328  3.5948  2.5344  2.2007  2.1928  2.0699  2.0190  1.9123  1.8819  1.8866  1.8254  1.7015  1.6606  1.6969  1.9461 
>
iteration       : 6
climbing        : yes
zoom on         : no
nim             : 30
barrier         :   0.02400311 (image:  9) 
distance        :   0.00000000    0.42658223    0.84819097    1.27184006    1.70000293    2.13236800    2.55918093    2.96599429    3.35220029    3.73984978    4.12381291    4.48469837    4.86921018    5.37577882    5.86632621    6.31760912    6.76168718    7.19328949    7.61683300    8.03577499    8.45356377    8.87113470    9.28791214    9.70375360   10.11857119   10.53213156   10.94436998   11.35547707   11.76570558   12.17554608 
energy          : -30.57795465  -30.57774412  -30.57714415  -30.57612848  -30.57462282  -30.57237866  -30.56876791  -30.56320409  -30.55701871  -30.55395155  -30.55782119  -30.56894434  -30.58340593  -30.59881361  -30.60835724  -30.61473728  -30.62007446  -30.62487629  -30.62928479  -30.63333394  -30.63708030  -30.64049794  -30.64360253  -30.64636504  -30.64877318  -30.65084979  -30.65255947  -30.65384664  -30.65462500  -30.65488701 
max(|Fr_perp|)   :   0.00000000    0.00127138    0.00242961    0.00345970    0.00450603    0.00708481    0.01020093    0.01022626    0.00614076    0.00095434    0.00728501    0.01288449    0.01885572    0.01757171    0.01262271    0.01097725    0.00944947    0.00811161    0.00776733    0.00756326    0.00723736    0.00680435    0.00626762    0.00562891    0.00488625    0.00407159    0.00316915    0.00217788    0.00110950    0.00000000 
Fr_paral         :  -0.00002873   -0.00096935   -0.00194184   -0.00301108   -0.00449319   -0.00728412   -0.01260035   -0.01792280   -0.01511092    0.00002234    0.02138936    0.03877414    0.03914111    0.02745034    0.01748321    0.01340057    0.01177222    0.01099232    0.01011438    0.00941455    0.00862441    0.00787250    0.00708418    0.00624176    0.00541157    0.00461894    0.00364494    0.00256238    0.00126027    0.00000599 
max(|Fsp_paral|) :   0.00000000    0.00031679    0.00058455    0.00089306    0.00133591    0.00197200    0.00252175    0.00305817    0.00214139    0.00017812    0.00325168    0.00595021    0.00497672    0.00007065    0.00017203    0.00003106    0.00005331    0.00003440    0.00001927    0.00000489    0.00000092    0.00000338    0.00000401    0.00000440    0.00000549    0.00000586    0.00000505    0.00000395    0.00000176    0.00000000 
max(|Fsp_perp|)  :   0.00000000    0.00000000    0.00000000    0.00000000    0.00000000    0.00000000    0.00000000    0.00000000    0.00000000    0.00000000    0.00000000    0.00000000    0.00000000    0.00000000    0.00000000    0.00000000    0.00000000    0.00000000    0.00000000    0.00000000    0.00000000    0.00000000    0.00000000    0.00000000    0.00000000    0.00000000    0.00000000    0.00000000    0.00000000    0.00000000 
max(|FNEB|)      :   0.00004254    0.00122807    0.00246919    0.00375705    0.00515611    0.00738133    0.00987052    0.00978362    0.00610555    0.00097897    0.00578284    0.01110116    0.01462790    0.01754437    0.01265707    0.01098762    0.00946724    0.00812412    0.00776965    0.00756385    0.00723749    0.00680491    0.00626834    0.00562972    0.00488720    0.00407252    0.00316988    0.00217838    0.00110972    0.00002099 
max(|Force|)     :   0.00005097    0.00142693    0.00275696    0.00399475    0.00513664    0.00727575    0.01149881    0.01334999    0.01041750    0.00095830    0.01601937    0.02935644    0.03294652    0.02459274    0.01392345    0.01010852    0.00905717    0.00798458    0.00738369    0.00713889    0.00672743    0.00633259    0.00584477    0.00526893    0.00459367    0.00384685    0.00301454    0.00208876    0.00107617    0.00002163 
ksp              :   0.01078961    0.01303986    0.01684931    0.02249682    0.03091474    0.04445769    0.06531900    0.08850427    0.10000000    0.10000000    0.08549414    0.04379614    0.01000000    0.01000000    0.01000000    0.01000000    0.01000000    0.01000000    0.01000000    0.01000000    0.01000000    0.01000000    0.01000000    0.01000000    0.01000000    0.01000000    0.01000000    0.01000000    0.01000000 
max(|step|)      :   0.00024248    0.00699979    0.01407396    0.02141455    0.02938894    0.04207234    0.05626034    0.05576501    0.03480062    0.00557997    0.03296124    0.06327475    0.08337660    0.10000000    0.07214320    0.06262762    0.05396168    0.04630612    0.04428571    0.04311268    0.04125252    0.03878686    0.03572850    0.03208849    0.02785625    0.02321270    0.01806780    0.01241643    0.00632523    0.00011965 
angle (deg.)     :    1.4611  1.5469  1.6651  2.5542  5.8387  12.3542  17.0325  14.0217  25.7788  5.1973  13.0661  20.3021  15.8477  5.8502  3.6642  2.8206  2.6250  2.4817  2.2249  2.1346  1.9570  1.8893  1.9113  1.8343  1.6687  1.6124  1.6794  2.0355 
>
