NEB log file generated by ORCA
All quantities are given in atomic units. Unless stated otherwise. 
iteration       : 0
climbing        : no
zoom on         : no
nim             : 30
barrier         :   0.02917277 (image: 11) 
distance        :   0.00000000    0.38427426    0.76884078    1.15378405    1.53897422    1.92415388    2.30930341    2.69469050    3.08005331    3.46517893    3.84997490    4.23451599    4.60276782    4.97140218    5.34068979    5.71076493    6.08161867    6.45311185    6.82501535    7.19707775    7.56909133    7.94125477    8.31353925    8.68571982    9.05751944    9.42868265    9.79904574   10.16858209   10.53742165   10.90584868 
energy          : -30.58097855  -30.58040659  -30.57871386  -30.57596389  -30.57231572  -30.56803128  -30.56348849  -30.55916796  -30.55557771  -30.55309183  -30.55185727  -30.55180577  -30.55216893  -30.55366701  -30.55682011  -30.56172667  -30.56819656  -30.57578885  -30.58405407  -30.59262630  -30.60125968  -30.60976922  -30.61806676  -30.62607973  -30.63367292  -30.64063846  -30.64669412  -30.65152958  -30.65478425  -30.65599280 
max(|Fr_perp|)   :   0.00000000    0.00823251    0.01615159    0.02351506    0.02988426    0.03462244    0.03691734    0.03600379    0.03159526    0.02391373    0.01341959    0.00092727    0.01400625    0.02736539    0.03931761    0.04908963    0.05598730    0.05991635    0.06158647    0.06172134    0.06058258    0.05868352    0.05670981    0.05402692    0.05005432    0.04452615    0.03712738    0.02761736    0.01547431    0.00000000 
Fr_paral         :  -0.00001938   -0.00300513   -0.00589547   -0.00847283   -0.01048318   -0.01164887   -0.01167015   -0.01036470   -0.00788394   -0.00473899   -0.00153469    0.00107395    0.00214368    0.00601407    0.01075187    0.01537949    0.01910480    0.02152334    0.02286324    0.02337443    0.02331087    0.02282351    0.02217540    0.02123711    0.01983404    0.01778067    0.01490982    0.01115997    0.00627204    0.00000443 
max(|Fsp_paral|) :   0.00000000    0.00065597    0.00106894    0.00141882    0.00167363    0.00178807    0.00172188    0.00143800    0.00099624    0.00049051    0.00001200    0.00051987    0.00022920    0.00098642    0.00208480    0.00323244    0.00423809    0.00494078    0.00336905    0.00000037    0.00000084    0.00000067    0.00000058    0.00000213    0.00000358    0.00000453    0.00000473    0.00000403    0.00000242    0.00000000 
max(|Fsp_perp|)  :   0.00000000    0.00000000    0.00000000    0.00000000    0.00000000    0.00000000    0.00000000    0.00000000    0.00000000    0.00000000    0.00000000    0.00000000    0.00000000    0.00000000    0.00000000    0.00000000    0.00000000    0.00000000    0.00000000    0.00000000    0.00000000    0.00000000    0.00000000    0.00000000    0.00000000    0.00000000    0.00000000    0.00000000    0.00000000    0.00000000 
max(|FNEB|)      :   0.00006669    0.00820559    0.01606706    0.02335031    0.02964079    0.03432809    0.03661963    0.03575704    0.03143359    0.02384226    0.01341973    0.00137210    0.01394654    0.02708419    0.03868535    0.04806263    0.05459622    0.05826268    0.06045308    0.06172823    0.06059200    0.05869305    0.05671994    0.05404135    0.05007381    0.04455014    0.03715416    0.02764357    0.01549329    0.00006913 
max(|Force|)     :   0.00006811    0.00829246    0.01634186    0.02388677    0.03044191    0.03531413    0.03764185    0.03664315    0.03205833    0.02416929    0.01349333    0.00099625    0.01435814    0.02840585    0.04125748    0.05195078    0.05961039    0.06403099    0.06594771    0.06613249    0.06490478    0.06281259    0.06060849    0.05765282    0.05334387    0.04739457    0.03947179    0.02933196    0.01641821    0.00006899 
ksp              :   0.01176575    0.01699111    0.02547920    0.03673853    0.04995991    0.06397621    0.07730385    0.08837583    0.09603948    0.09984335    0.10000000    0.10000000    0.09888318    0.09427101    0.08455708    0.06943540    0.04948999    0.02607911    0.01000000    0.01000000    0.01000000    0.01000000    0.01000000    0.01000000    0.01000000    0.01000000    0.01000000    0.01000000    0.01000000 
max(|step|)      :   0.00010804    0.01329309    0.02602870    0.03782760    0.04801821    0.05561165    0.05932396    0.05792657    0.05092255    0.03862456    0.02174002    0.00222281    0.02259346    0.04387651    0.06267043    0.07786167    0.08844612    0.09438580    0.09793425    0.10000000    0.09815931    0.09508299    0.09188655    0.08754723    0.08111979    0.07217142    0.06018990    0.04478271    0.02509919    0.00011199 
angle (deg.)     :    1.7265  1.7901  1.8738  1.9422  2.0063  2.0398  1.9704  1.8411  1.7348  1.6851  49.4388  1.7470  1.7212  1.8111  1.9304  2.0283  1.9987  1.9995  2.0246  1.9649  1.9337  1.9635  2.0290  2.0460  2.0807  2.1241  2.2399  2.4486 
>
iteration       : 1
climbing        : no
zoom on         : no
nim             : 30
barrier         :   0.02916837 (image: 11) 
distance        :   0.00000000    0.38814675    0.77538554    1.16262853    1.54944564    1.93530249    2.31998441    2.70371149    3.08670635    3.46938544    3.85221497    4.23501618    4.60757081    4.97501969    5.34175510    5.70880964    6.07685392    6.44638753    6.82300569    7.20525186    7.57791111    7.95083684    8.32392625    8.69686732    9.06936533    9.44120804    9.81234660   10.18295528   10.55351040   10.92485494 
energy          : -30.58097857  -30.58056926  -30.57931473  -30.57718261  -30.57421275  -30.57051097  -30.56626854  -30.56179869  -30.55760186  -30.55425820  -30.55223571  -30.55181020  -30.55272231  -30.55573050  -30.56108026  -30.56848104  -30.57727935  -30.58671036  -30.59638828  -30.60592205  -30.61475634  -30.62309564  -30.63089034  -30.63783738  -30.64373094  -30.64847485  -30.65199435  -30.65432980  -30.65560504  -30.65599287 
max(|Fr_perp|)   :   0.00000000    0.00386240    0.00854427    0.01382409    0.01924582    0.02418414    0.02780266    0.02904306    0.02695035    0.02125996    0.01234044    0.00093151    0.01313601    0.02609243    0.03753306    0.04653840    0.05250828    0.05574681    0.05661857    0.05564280    0.05428525    0.05179761    0.04738477    0.04141741    0.03426497    0.02623299    0.01781871    0.00986259    0.00371457    0.00000000 
Fr_paral         :  -0.00001647   -0.00216379   -0.00444675   -0.00672612   -0.00883541   -0.01059588   -0.01172434   -0.01173907   -0.01020779   -0.00722274   -0.00326962    0.00066157    0.00510345    0.01134161    0.01761550    0.02258995    0.02542206    0.02624013    0.02589354    0.02480152    0.02349453    0.02194403    0.02018970    0.01769864    0.01471216    0.01147512    0.00811083    0.00497836    0.00222218    0.00000121 
max(|Fsp_paral|) :   0.00000000    0.00048431    0.00082940    0.00115555    0.00144006    0.00165297    0.00175101    0.00165259    0.00132891    0.00081903    0.00017146    0.00037794    0.00092065    0.00205305    0.00352672    0.00481318    0.00568180    0.00234050    0.00003151    0.00005336    0.00000148    0.00000091    0.00000083    0.00000248    0.00000370    0.00000401    0.00000306    0.00000031    0.00000469    0.00000000 
max(|Fsp_perp|)  :   0.00000000    0.00000000    0.00000000    0.00000000    0.00000000    0.00000000    0.00000000    0.00000000    0.00000000    0.00000000    0.00000000    0.00000000    0.00000000    0.00000000    0.00000000    0.00000000    0.00000000    0.00000000    0.00000000    0.00000000    0.00000000    0.00000000    0.00000000    0.00000000    0.00000000    0.00000000    0.00000000    0.00000000    0.00000000    0.00000000 
max(|FNEB|)      :   0.00005861    0.00388579    0.00854605    0.01376998    0.01910737    0.02394369    0.02746402    0.02865429    0.02659637    0.02102599    0.01228993    0.00130945    0.01278744    0.02528864    0.03612860    0.04463103    0.05032011    0.05488394    0.05662969    0.05562470    0.05428573    0.05179789    0.04738452    0.04141671    0.03426401    0.02623204    0.01781806    0.00986253    0.00371503    0.00004821 
max(|Force|)     :   0.00005980    0.00382840    0.00854116    0.01392705    0.01952527    0.02469514    0.02856042    0.02997276    0.02787162    0.02196322    0.01267088    0.00097204    0.01428765    0.02871707    0.04163534    0.05170863    0.05809365    0.06120657    0.06173433    0.06032540    0.05850791    0.05556826    0.05074297    0.04421283    0.03642946    0.02778641    0.01881260    0.01040493    0.00384505    0.00004831 
ksp              :   0.01126294    0.01513385    0.02171259    0.03087618    0.04229813    0.05538831    0.06918017    0.08212963    0.09244661    0.09868707    0.10000000    0.10000000    0.09718565    0.08790377    0.07139691    0.04856155    0.02141409    0.01000000    0.01000000    0.01000000    0.01000000    0.01000000    0.01000000    0.01000000    0.01000000    0.01000000    0.01000000    0.01000000    0.01000000 
max(|step|)      :   0.00010469    0.00790052    0.01687523    0.02654883    0.03614276    0.04458251    0.05044704    0.05202534    0.04786301    0.03761193    0.02190080    0.00219008    0.02258295    0.04463293    0.06380470    0.07891039    0.08908043    0.09683827    0.10000000    0.09880718    0.09650087    0.09227858    0.08515268    0.07551816    0.06378105    0.05033155    0.03583600    0.02149568    0.00876543    0.00276043 
angle (deg.)     :    1.7141  1.7665  1.8579  1.9775  2.1655  2.4120  2.5530  2.4632  2.2844  2.1532  46.9346  1.9463  1.8250  2.0682  2.3996  2.5499  2.4871  2.3603  2.1493  2.1883  2.1991  2.2756  2.3602  2.3435  2.3096  2.2111  2.1200  2.0225 
>
iteration       : 2
climbing        : no
zoom on         : no
nim             : 30
barrier         :   0.02916034 (image: 11) 
distance        :   0.00000000    0.39138493    0.78113017    1.17078517    1.55974797    1.94730845    2.33302275    2.71665437    3.09832594    3.47882969    3.85908608    4.24084455    4.61590592    4.98152611    5.34505216    5.70922945    6.07566219    6.45508997    6.84022923    7.22520669    7.59954327    7.97385370    8.34785428    8.72221098    9.09651012    9.47022239    9.84327761   10.21576992   10.58810846   10.96107084 
energy          : -30.58097859  -30.58063676  -30.57959392  -30.57781418  -30.57530121  -30.57207942  -30.56820851  -30.56383052  -30.55932151  -30.55533610  -30.55261929  -30.55181826  -30.55320591  -30.55764703  -30.56514839  -30.57495746  -30.58583753  -30.59694664  -30.60745776  -30.61711285  -30.62566108  -30.63313177  -30.63941970  -30.64445896  -30.64833873  -30.65124821  -30.65334865  -30.65480417  -30.65568772  -30.65599294 
max(|Fr_perp|)   :   0.00000000    0.00189303    0.00403333    0.00723911    0.01132993    0.01569632    0.01966325    0.02222782    0.02212932    0.01851578    0.01138270    0.00098350    0.01188125    0.02398635    0.03447759    0.04215585    0.04639958    0.04734109    0.04648981    0.04467370    0.04076590    0.03518126    0.02824539    0.02065903    0.01326239    0.01094681    0.00870200    0.00611327    0.00320060    0.00000000 
Fr_paral         :  -0.00001510   -0.00177974   -0.00366305   -0.00560550   -0.00754649   -0.00944898   -0.01117198   -0.01223535   -0.01179178   -0.00931067   -0.00492816    0.00037565    0.00776845    0.01656125    0.02452875    0.02955479    0.03086815    0.02935938    0.02704019    0.02456715    0.02201253    0.01888906    0.01558220    0.01223679    0.00925142    0.00678449    0.00475007    0.00311861    0.00158183   -0.00000059 
max(|Fsp_paral|) :   0.00000000    0.00040229    0.00069636    0.00098156    0.00125501    0.00150443    0.00169673    0.00174333    0.00154924    0.00107182    0.00037084    0.00026080    0.00145148    0.00298756    0.00479816    0.00622023    0.00376804    0.00003173    0.00000091    0.00005903    0.00000015    0.00000173    0.00000199    0.00000033    0.00000335    0.00000379    0.00000328    0.00000091    0.00000373    0.00000000 
max(|Fsp_perp|)  :   0.00000000    0.00000000    0.00000000    0.00000000    0.00000000    0.00000000    0.00000000    0.00000000    0.00000000    0.00000000    0.00000000    0.00000000    0.00000000    0.00000000    0.00000000    0.00000000    0.00000000    0.00000000    0.00000000    0.00000000    0.00000000    0.00000000    0.00000000    0.00000000    0.00000000    0.00000000    0.00000000    0.00000000    0.00000000    0.00000000 
max(|FNEB|)      :   0.00005076    0.00180714    0.00391023    0.00727429    0.01130250    0.01555876    0.01936816    0.02177035    0.02159773    0.01807999    0.01121680    0.00116895    0.01115934    0.02247492    0.03207678    0.03918444    0.04474870    0.04737069    0.04650611    0.04467547    0.04079226    0.03521029    0.02827557    0.02068509    0.01328084    0.01094818    0.00870383    0.00611513    0.00320195    0.00004099 
max(|Force|)     :   0.00005184    0.00232145    0.00489574    0.00767063    0.01141276    0.01601877    0.02035186    0.02334468    0.02352531    0.01981753    0.01214354    0.00095591    0.01412787    0.02883852    0.04153647    0.05020485    0.05407812    0.05390690    0.05195253    0.04922510    0.04459675    0.03823329    0.03056555    0.02229717    0.01434690    0.01103269    0.00876037    0.00615162    0.00322049    0.00004095 
ksp              :   0.01105527    0.01427476    0.01976934    0.02752768    0.03747425    0.04942410    0.06293771    0.07685321    0.08915003    0.09753051    0.10000000    0.10000000    0.09572053    0.08202423    0.05888838    0.02863164    0.01000000    0.01000000    0.01000000    0.01000000    0.01000000    0.01000000    0.01000000    0.01000000    0.01000000    0.01000000    0.01000000    0.01000000    0.01000000 
max(|step|)      :   0.00010714    0.00381489    0.00825453    0.01535610    0.02385970    0.03284469    0.04088639    0.04595743    0.04559303    0.03816703    0.02367877    0.00246767    0.02355749    0.04744477    0.06771441    0.08271874    0.09446496    0.10000000    0.09817486    0.09431036    0.08611287    0.07432927    0.05969001    0.04366643    0.02803599    0.02311172    0.01837388    0.01290909    0.00675935    0.00008654 
angle (deg.)     :    1.6874  1.6952  1.7686  1.9279  2.2661  2.8019  3.3446  3.4955  3.2733  3.0056  43.6975  2.3459  2.2484  2.8833  3.6600  3.8346  3.2054  2.7129  2.8027  2.7732  2.6809  2.5880  2.4068  2.1552  1.9524  1.8505  1.8385  1.8886 
>
iteration       : 3
climbing        : no
zoom on         : no
nim             : 30
barrier         :   0.02914786 (image: 11) 
distance        :   0.00000000    0.39419635    0.78618834    1.17818543    1.56963002    1.95984025    2.34824417    2.73385117    3.11575406    3.49434054    3.87105872    4.25115501    4.62572922    4.98739297    5.34586688    5.70699571    6.08593322    6.48388547    6.87294405    7.26106437    7.63798872    8.01496072    8.39156382    8.76872516    9.14557657    9.52111490    9.89520189   10.26810480   10.64057661   11.01367208 
energy          : -30.58097861  -30.58066865  -30.57973440  -30.57815877  -30.57595327  -30.57312129  -30.56964769  -30.56552488  -30.56092658  -30.55644584  -30.55305724  -30.55183075  -30.55372131  -30.55980251  -30.56978766  -30.58223778  -30.59542533  -30.60784576  -30.61844163  -30.62741940  -30.63444473  -30.63992545  -30.64414504  -30.64741703  -30.65002845  -30.65214733  -30.65380064  -30.65500386  -30.65574187  -30.65599302 
max(|Fr_perp|)   :   0.00000000    0.00144055    0.00275710    0.00438319    0.00653079    0.00976679    0.01330145    0.01640140    0.01772351    0.01585400    0.01031377    0.00107057    0.01021665    0.02090650    0.02995584    0.03601391    0.03809653    0.03815254    0.03575939    0.03040580    0.02394325    0.01717126    0.01600406    0.01442415    0.01247734    0.01023989    0.00779504    0.00522107    0.00259789    0.00000000 
Fr_paral         :  -0.00001410   -0.00159278   -0.00323532   -0.00489643   -0.00656447   -0.00832595   -0.01024145   -0.01208346   -0.01286252   -0.01127573   -0.00674602    0.00004367    0.01075866    0.02279993    0.03271610    0.03698257    0.03511778    0.03074848    0.02629100    0.02176534    0.01723777    0.01325734    0.01014045    0.00789357    0.00633780    0.00509645    0.00385146    0.00263265    0.00133134   -0.00000146 
max(|Fsp_paral|) :   0.00000000    0.00036157    0.00062021    0.00086653    0.00110981    0.00135691    0.00159316    0.00174544    0.00168109    0.00127201    0.00059409    0.00022110    0.00189738    0.00390823    0.00605247    0.00678297    0.00010482    0.00004912    0.00000519    0.00006201    0.00000027    0.00000206    0.00000315    0.00000176    0.00000754    0.00000842    0.00000693    0.00000256    0.00000375    0.00000000 
max(|Fsp_perp|)  :   0.00000000    0.00000000    0.00000000    0.00000000    0.00000000    0.00000000    0.00000000    0.00000000    0.00000000    0.00000000    0.00000000    0.00000000    0.00000000    0.00000000    0.00000000    0.00000000    0.00000000    0.00000000    0.00000000    0.00000000    0.00000000    0.00000000    0.00000000    0.00000000    0.00000000    0.00000000    0.00000000    0.00000000    0.00000000    0.00000000 
max(|FNEB|)      :   0.00004381    0.00129333    0.00259620    0.00398222    0.00657620    0.00971798    0.01307669    0.01592645    0.01703445    0.01517702    0.00994190    0.00122965    0.00899644    0.01836033    0.02614813    0.03212719    0.03814810    0.03813238    0.03575756    0.03038644    0.02394333    0.01717120    0.01600413    0.01442412    0.01247728    0.01023987    0.00779505    0.00522109    0.00259786    0.00003665 
max(|Force|)     :   0.00004483    0.00186884    0.00366867    0.00545040    0.00784269    0.01048864    0.01378270    0.01750325    0.01949635    0.01787266    0.01173551    0.00105799    0.01407521    0.02916268    0.04134919    0.04769969    0.04762037    0.04511978    0.04087721    0.03416860    0.02652517    0.01880233    0.01612399    0.01448941    0.01250760    0.01024878    0.00779181    0.00521331    0.00259161    0.00003663 
ksp              :   0.01095705    0.01384175    0.01870683    0.02551676    0.03426108    0.04498655    0.05771658    0.07191475    0.08574998    0.09621296    0.10000000    0.10000000    0.09416250    0.07538555    0.04455435    0.01000000    0.01000000    0.01000000    0.01000000    0.01000000    0.01000000    0.01000000    0.01000000    0.01000000    0.01000000    0.01000000    0.01000000    0.01000000    0.01000000 
max(|step|)      :   0.00011529    0.00333470    0.00674397    0.01031063    0.01627678    0.02438332    0.03326542    0.04104688    0.04440650    0.03993690    0.02641480    0.00350592    0.02327119    0.04777117    0.06809071    0.08376354    0.10000000    0.09919243    0.09239185    0.07698670    0.05898944    0.04526508    0.04199594    0.03761198    0.03225670    0.02614984    0.01953926    0.01266229    0.00573709    0.00356330 
angle (deg.)     :    1.7616  1.7249  1.7361  1.8389  2.2337  3.0486  4.1815  4.9288  4.8520  4.4237  39.3457  3.1456  3.1046  4.5774  6.2889  5.2893  4.6145  4.3389  3.6263  3.0899  2.5215  2.1187  1.9569  1.9151  1.9046  1.9335  1.9653  2.0397 
>
iteration       : 4
climbing        : no
zoom on         : no
nim             : 30
barrier         :   0.02912945 (image: 11) 
distance        :   0.00000000    0.39724912    0.79158345    1.18593911    1.57999451    1.97341672    2.36587958    2.75585527    3.14052734    3.51832051    3.89118953    4.26758188    4.63842529    4.99230901    5.34303413    5.70623574    6.12977775    6.53508139    6.93217838    7.32599990    7.70932942    8.09144407    8.47170726    8.85102549    9.22886225    9.60477920    9.97907697   10.35220430   10.72490587   11.09816034 
energy          : -30.58097863  -30.58068829  -30.57982001  -30.57836989  -30.57636590  -30.57382512  -30.57072043  -30.56695781  -30.56247901  -30.55765082  -30.55358091  -30.55184917  -30.55425777  -30.56217464  -30.57498183  -30.59038655  -30.60659315  -30.61927945  -30.62861138  -30.63527998  -30.64003727  -30.64368299  -30.64661570  -30.64904228  -30.65108664  -30.65280104  -30.65416192  -30.65516254  -30.65578126  -30.65599312 
max(|Fr_perp|)   :   0.00000000    0.00118243    0.00228118    0.00322891    0.00414917    0.00599423    0.00816894    0.01094630    0.01340163    0.01308010    0.00895869    0.00109045    0.00817866    0.01679132    0.02400342    0.02823455    0.02984521    0.02690195    0.02050993    0.01872487    0.01788502    0.01650921    0.01476015    0.01277929    0.01068771    0.00855984    0.00642620    0.00429291    0.00215428    0.00000000 
Fr_paral         :  -0.00001307   -0.00147530   -0.00296975   -0.00443880   -0.00585679   -0.00734138   -0.00909671   -0.01130727   -0.01333538   -0.01316002   -0.00887670   -0.00039669    0.01413422    0.03031464    0.04231162    0.04400760    0.03756294    0.02932832    0.02138344    0.01523617    0.01127820    0.00879018    0.00716379    0.00597666    0.00504372    0.00417121    0.00318473    0.00219421    0.00111437   -0.00000189 
max(|Fsp_paral|) :   0.00000000    0.00033509    0.00057399    0.00079255    0.00100541    0.00122940    0.00146935    0.00168222    0.00173095    0.00142851    0.00077787    0.00022738    0.00229734    0.00463445    0.00702950    0.00322496    0.00009834    0.00004468    0.00001813    0.00005858    0.00000686    0.00001048    0.00000539    0.00000851    0.00001112    0.00000946    0.00000689    0.00000254    0.00000334    0.00000000 
max(|Fsp_perp|)  :   0.00000000    0.00000000    0.00000000    0.00000000    0.00000000    0.00000000    0.00000000    0.00000000    0.00000000    0.00000000    0.00000000    0.00000000    0.00000000    0.00000000    0.00000000    0.00000000    0.00000000    0.00000000    0.00000000    0.00000000    0.00000000    0.00000000    0.00000000    0.00000000    0.00000000    0.00000000    0.00000000    0.00000000    0.00000000    0.00000000 
max(|FNEB|)      :   0.00003724    0.00091593    0.00185114    0.00284867    0.00391422    0.00521582    0.00761425    0.01054292    0.01263381    0.01215551    0.00831942    0.00129066    0.00630303    0.01290580    0.01931991    0.02605711    0.02980922    0.02690550    0.02052743    0.01872521    0.01788945    0.01651450    0.01476576    0.01278456    0.01069235    0.00856364    0.00642908    0.00429481    0.00215512    0.00003674 
max(|Force|)     :   0.00003819    0.00156642    0.00309601    0.00449435    0.00565814    0.00753792    0.01023068    0.01303208    0.01540882    0.01594199    0.01138961    0.00123320    0.01432135    0.03011176    0.04152013    0.04396959    0.04041289    0.03339188    0.02424742    0.01913075    0.01809090    0.01660255    0.01478819    0.01276474    0.01064489    0.00850304    0.00637001    0.00424784    0.00212929    0.00003671 
ksp              :   0.01089715    0.01358016    0.01806115    0.02425373    0.03210529    0.04169964    0.05332718    0.06716653    0.08208247    0.09465289    0.10000000    0.10000000    0.09256099    0.06811076    0.02855725    0.01000000    0.01000000    0.01000000    0.01000000    0.01000000    0.01000000    0.01000000    0.01000000    0.01000000    0.01000000    0.01000000    0.01000000    0.01000000    0.01000000 
max(|step|)      :   0.00012493    0.00307266    0.00620995    0.00955635    0.01313090    0.01749733    0.02554329    0.03536800    0.04238224    0.04077769    0.02790889    0.00432974    0.02114458    0.04329468    0.06481186    0.08741294    0.10000000    0.09025901    0.06886270    0.06281685    0.06001315    0.05540065    0.04953421    0.04288795    0.03586927    0.02872817    0.02156741    0.01440765    0.00722971    0.00012324 
angle (deg.)     :    1.8308  1.7787  1.7607  1.7928  2.1148  3.0664  4.8899  6.7625  7.2710  6.6231  33.8820  4.4613  4.2580  7.7456  9.1393  8.9259  7.2705  5.0497  3.2859  2.3444  2.1172  2.0791  2.0578  2.0363  1.9976  2.0081  2.0120  2.1142 
>
iteration       : 5
climbing        : yes
zoom on         : no
nim             : 30
barrier         :   0.02910361 (image: 11) 
distance        :   0.00000000    0.40085325    0.79792804    1.19491184    1.59175705    1.98863730    2.38586151    2.78212576    3.17266655    3.55217365    3.92173477    4.29238860    4.65661768    4.99875634    5.33921241    5.73801961    6.20007912    6.62177776    7.03341546    7.43819623    7.82885902    8.21488007    8.59723654    8.97783811    9.35656497    9.73310930   10.10784032   10.48130855   10.85427489   11.22774086 
energy          : -30.58097865  -30.58070345  -30.57988415  -30.57852249  -30.57665438  -30.57431233  -30.57149137  -30.56809331  -30.56389774  -30.55890699  -30.55417786  -30.55187504  -30.55473040  -30.56435651  -30.57987381  -30.59950565  -30.61794322  -30.62883143  -30.63549402  -30.64007869  -30.64350214  -30.64623827  -30.64848663  -30.65037066  -30.65198319  -30.65336041  -30.65447133  -30.65529847  -30.65581518  -30.65599325 
max(|Fr_perp|)   :   0.00000000    0.00107379    0.00207526    0.00293778    0.00358726    0.00396477    0.00520643    0.00750703    0.00931347    0.00992842    0.00726090    0.00108317    0.00544884    0.01096549    0.01582087    0.01959648    0.01726008    0.01833948    0.01824619    0.01704530    0.01541436    0.01361185    0.01178984    0.01003168    0.00833940    0.00668242    0.00502334    0.00333906    0.00164713    0.00000000 
Fr_paral         :  -0.00001198   -0.00138475   -0.00277569   -0.00412226   -0.00537199   -0.00660914   -0.00803932   -0.01013871   -0.01307071   -0.01474795   -0.01122343   -0.00096832    0.01752743    0.03824176    0.05196596    0.04969664    0.03586277    0.02206566    0.01411115    0.01024618    0.00810331    0.00659585    0.00548742    0.00464741    0.00399860    0.00337440    0.00261013    0.00182434    0.00093283   -0.00000209 
max(|Fsp_paral|) :   0.00000000    0.00031652    0.00054256    0.00074161    0.00093405    0.00113549    0.00136011    0.00159116    0.00172358    0.00152785    0.00093528    0.00028033    0.00267995    0.00533959    0.00747346    0.00036392    0.00020916    0.00005453    0.00003824    0.00007954    0.00002631    0.00002084    0.00001005    0.00001084    0.00001272    0.00001066    0.00000747    0.00000300    0.00000303    0.00000000 
max(|Fsp_perp|)  :   0.00000000    0.00000000    0.00000000    0.00000000    0.00000000    0.00000000    0.00000000    0.00000000    0.00000000    0.00000000    0.00000000    0.00000000    0.00000000    0.00000000    0.00000000    0.00000000    0.00000000    0.00000000    0.00000000    0.00000000    0.00000000    0.00000000    0.00000000    0.00000000    0.00000000    0.00000000    0.00000000    0.00000000    0.00000000    0.00000000 
max(|FNEB|)      :   0.00002978    0.00083209    0.00163137    0.00230065    0.00276101    0.00356048    0.00447685    0.00634882    0.00794888    0.00875926    0.00632871    0.00130863    0.00572356    0.01226057    0.01894192    0.01932314    0.01720456    0.01833621    0.01824855    0.01704778    0.01541964    0.01361689    0.01179407    0.01003529    0.00834269    0.00668534    0.00502578    0.00334070    0.00164764    0.00003682 
max(|Force|)     :   0.00003066    0.00142179    0.00281523    0.00408800    0.00513492    0.00590721    0.00688121    0.00997733    0.01307111    0.01367508    0.01109484    0.00144997    0.01442940    0.03081926    0.04080384    0.03896433    0.02731011    0.01965964    0.01883051    0.01730317    0.01550299    0.01360260    0.01172644    0.00993834    0.00823056    0.00657193    0.00492724    0.00326667    0.00160824    0.00003680 
ksp              :   0.01085111    0.01338498    0.01759626    0.02337388    0.03061735    0.03934218    0.04985215    0.06282849    0.07826156    0.09288218    0.10000000    0.10000000    0.09117131    0.06140888    0.01343342    0.01000000    0.01000000    0.01000000    0.01000000    0.01000000    0.01000000    0.01000000    0.01000000    0.01000000    0.01000000    0.01000000    0.01000000    0.01000000    0.01000000 
max(|step|)      :   0.00015413    0.00430616    0.00844256    0.01190618    0.01428861    0.01842600    0.02316835    0.03285603    0.04113657    0.04533045    0.03275197    0.00677233    0.02962027    0.06345018    0.09802717    0.10000000    0.08903607    0.09489254    0.09443885    0.08822472    0.07979882    0.07046936    0.06103600    0.05193407    0.04317462    0.03459759    0.02600911    0.01728858    0.00852678    0.00019057 
angle (deg.)     :    1.9397  1.8948  1.8774  1.8814  2.0390  2.7794  5.1266  9.0305  11.4685  10.3059  26.4478  6.3083  5.6114  12.7147  17.2546  15.2642  7.8816  3.6347  2.9484  2.4039  2.3148  2.2701  2.1694  2.1107  2.0696  2.1430  2.2241  2.4071 
>
