NEB log file generated by ORCA
All quantities are given in atomic units. Unless stated otherwise. 
iteration       : 0
climbing        : no
zoom on         : no
nim             : 30
barrier         :   0.02127107 (image: 11) 
distance        :   0.00000000    0.59333126    1.18798554    1.78438614    2.38201536    2.97992321    3.57785934    4.17576858    4.77264485    5.36788429    5.96182721    6.54792238    7.13537436    7.72530376    8.31847631    8.91523232    9.51547187   10.11869456   10.72408317   11.33060836   11.93737437   12.54390654   13.14911354   13.75203608   14.35197959   14.94858942   15.54188268   16.13224452   16.72039772   17.30734764 
energy          : -30.57795460  -30.57725601  -30.57542742  -30.57280411  -30.56967179  -30.56628461  -30.56296811  -30.56006804  -30.55793527  -30.55682863  -30.55685278  -30.55668353  -30.55710848  -30.55936652  -30.56374841  -30.56999312  -30.57746173  -30.58549499  -30.59369808  -30.60184618  -30.60981228  -30.61756619  -30.62502881  -30.63212249  -30.63875659  -30.64477350  -30.64997581  -30.65410511  -30.65686874  -30.65788878 
max(|Fr_perp|)   :   0.00000000    0.00777267    0.01405154    0.01893129    0.02236910    0.02415614    0.02395292    0.02146078    0.01667677    0.00975847    0.00109038    0.01661817    0.03171115    0.04478390    0.05545280    0.06339841    0.06880941    0.07223359    0.07398876    0.07426261    0.07357914    0.07205621    0.06932989    0.06523049    0.05970277    0.05256805    0.04350660    0.03206025    0.01773525    0.00000000 
Fr_paral         :   0.00001476   -0.00226814   -0.00393141   -0.00504839   -0.00573965   -0.00595165   -0.00554094   -0.00452521   -0.00288860   -0.00099832    0.00021543   -0.00023687    0.00194210    0.00547727    0.00894976    0.01161420    0.01302815    0.01358071    0.01362747    0.01343465    0.01310213    0.01270766    0.01213384    0.01146296    0.01060118    0.00944680    0.00786539    0.00588158    0.00329236   -0.00001638 
max(|Fsp_paral|) :   0.00000000    0.00201822    0.00277735    0.00332698    0.00385473    0.00400637    0.00367008    0.00273553    0.00138023    0.00006729    0.00017810    0.00006361    0.00036746    0.00233494    0.00450349    0.00678266    0.00844160    0.00059013    0.00000515    0.00000109    0.00000103    0.00000562    0.00000918    0.00001117    0.00001154    0.00001179    0.00001042    0.00000765    0.00000417    0.00000000 
max(|Fsp_perp|)  :   0.00000000    0.00000000    0.00000000    0.00000000    0.00000000    0.00000000    0.00000000    0.00000000    0.00000000    0.00000000    0.00000000    0.00000000    0.00000000    0.00000000    0.00000000    0.00000000    0.00000000    0.00000000    0.00000000    0.00000000    0.00000000    0.00000000    0.00000000    0.00000000    0.00000000    0.00000000    0.00000000    0.00000000    0.00000000    0.00000000 
max(|FNEB|)      :   0.00008262    0.00685578    0.01272898    0.01733945    0.02063076    0.02242367    0.02240083    0.02030621    0.01608429    0.00978740    0.00126893    0.01662527    0.03171622    0.04474280    0.05530194    0.06308501    0.06832639    0.07221123    0.07401078    0.07428715    0.07360434    0.07208340    0.06936062    0.06526475    0.05973998    0.05260693    0.04354486    0.03209379    0.01775736    0.00014972 
max(|Force|)     :   0.00008180    0.00823081    0.01484517    0.01995474    0.02354447    0.02539448    0.02513097    0.02244865    0.01732599    0.00998876    0.00099858    0.01662375    0.03173127    0.04484718    0.05559873    0.06365359    0.06916720    0.07266969    0.07447481    0.07477140    0.07408452    0.07254692    0.06979393    0.06566438    0.06010415    0.05293264    0.04382299    0.03231102    0.01788570    0.00015149 
ksp              :   0.01295804    0.02069998    0.03180504    0.04506268    0.05939621    0.07342698    0.08569189    0.09470799    0.09938294    0.09938294    0.10000000    0.10000000    0.09822054    0.08869243    0.07017939    0.04377976    0.01219454    0.01000000    0.01000000    0.01000000    0.01000000    0.01000000    0.01000000    0.01000000    0.01000000    0.01000000    0.01000000    0.01000000    0.01000000 
max(|step|)      :   0.00011122    0.00922876    0.01713483    0.02334111    0.02777165    0.03018513    0.03015439    0.02733476    0.02165152    0.01317510    0.00170814    0.02237974    0.04269409    0.06022953    0.07444349    0.08492050    0.09197606    0.09720555    0.09962798    0.10000000    0.09908085    0.09703348    0.09336827    0.08785471    0.08041765    0.07081566    0.05861695    0.04320235    0.02390368    0.00020154 
angle (deg.)     :    3.6142  3.7161  3.8003  3.8532  3.8920  3.8995  3.8400  3.7463  3.6580  42.4070  3.2304  3.2975  3.4327  3.5579  3.6770  3.7438  3.9291  3.8539  3.9015  3.8373  3.8389  3.8201  3.8061  3.8398  3.8921  3.9161  3.8616  3.6826 
>
iteration       : 1
climbing        : no
zoom on         : no
nim             : 30
barrier         :   0.02109218 (image: 10) 
distance        :   0.00000000    0.59997607    1.19780284    1.79644439    2.39547264    2.99373605    3.59086105    4.18660614    4.78039790    5.37233620    5.96756167    6.55547241    7.14233592    7.72646977    8.31240550    8.90249718    9.49820403   10.12520316   10.73259107   11.33943638   11.94660212   12.55350811   13.15901589   13.76211805   14.36212651   14.95874743   15.55208915   16.14264290   16.73125199   17.31907425 
energy          : -30.57795463  -30.57749254  -30.57621267  -30.57424246  -30.57169450  -30.56866385  -30.56533515  -30.56199210  -30.55911320  -30.55724210  -30.55686245  -30.55740062  -30.55980653  -30.56479783  -30.57193344  -30.58027184  -30.58899184  -30.59796676  -30.60631020  -30.61425614  -30.62183283  -30.62895614  -30.63544596  -30.64121750  -30.64622982  -30.65041151  -30.65369434  -30.65602748  -30.65742179  -30.65788875 
max(|Fr_perp|)   :   0.00000000    0.00515702    0.01006532    0.01453978    0.01832876    0.02105139    0.02212956    0.02086266    0.01686997    0.01021157    0.00115233    0.01424789    0.02750463    0.03999548    0.05031896    0.05724870    0.06106929    0.06267038    0.06277075    0.06190230    0.05966133    0.05591460    0.05090700    0.04482413    0.03783020    0.03012367    0.02195719    0.01375709    0.00615092    0.00000000 
Fr_paral         :   0.00001363   -0.00156561   -0.00291600   -0.00404137   -0.00502522   -0.00578742   -0.00612393   -0.00576905   -0.00439304   -0.00218353    0.00058698    0.00215651    0.00628351    0.01072127    0.01373512    0.01497785    0.01489966    0.01429648    0.01361775    0.01293636    0.01223089    0.01138878    0.01025372    0.00904210    0.00775507    0.00633600    0.00476108    0.00319014    0.00159253   -0.00002279 
max(|Fsp_paral|) :   0.00000000    0.00142813    0.00211708    0.00273061    0.00346959    0.00402869    0.00421161    0.00368768    0.00239004    0.00067535    0.00035806    0.00068352    0.00286277    0.00541692    0.00740888    0.00652553    0.00013911    0.00008872    0.00000247    0.00000144    0.00000114    0.00000593    0.00000969    0.00001163    0.00001171    0.00001166    0.00000992    0.00000675    0.00000274    0.00000000 
max(|Fsp_perp|)  :   0.00000000    0.00000000    0.00000000    0.00000000    0.00000000    0.00000000    0.00000000    0.00000000    0.00000000    0.00000000    0.00000000    0.00000000    0.00000000    0.00000000    0.00000000    0.00000000    0.00000000    0.00000000    0.00000000    0.00000000    0.00000000    0.00000000    0.00000000    0.00000000    0.00000000    0.00000000    0.00000000    0.00000000    0.00000000    0.00000000 
max(|FNEB|)      :   0.00008174    0.00455695    0.00911325    0.01328026    0.01679284    0.01930368    0.02029938    0.01922738    0.01577224    0.00988601    0.00129830    0.01394145    0.02698587    0.03950568    0.04962007    0.05666167    0.06108129    0.06266293    0.06277054    0.06190241    0.05966124    0.05591414    0.05090629    0.04482334    0.03782946    0.03012307    0.02195678    0.01375688    0.00615087    0.00004654 
max(|Force|)     :   0.00008096    0.00544706    0.01061541    0.01532016    0.01933003    0.02225198    0.02346223    0.02218364    0.01792786    0.01076365    0.00103519    0.01470291    0.02883062    0.04042166    0.05086153    0.05783081    0.06164065    0.06321319    0.06328749    0.06237624    0.06009059    0.05629078    0.05121010    0.04505565    0.03799947    0.03023927    0.02202693    0.01379109    0.00616047    0.00004731 
ksp              :   0.01197170    0.01743290    0.02583976    0.03671186    0.04964359    0.06384710    0.07811185    0.09039607    0.09838005    0.10000000    0.10000000    0.09770362    0.08743764    0.06613987    0.03569230    0.01000000    0.01000000    0.01000000    0.01000000    0.01000000    0.01000000    0.01000000    0.01000000    0.01000000    0.01000000    0.01000000    0.01000000    0.01000000    0.01000000 
max(|step|)      :   0.00013106    0.00720878    0.01446269    0.02113301    0.02678397    0.03084949    0.03249703    0.03082624    0.02531987    0.01589537    0.00214620    0.02240583    0.04296023    0.06300273    0.07918929    0.09043792    0.09748132    0.09990827    0.10000000    0.09855311    0.09488670    0.08877539    0.08064056    0.07079519    0.05951335    0.04713115    0.03408021    0.02108417    0.00919918    0.00463566 
angle (deg.)     :    3.7667  3.8533  3.9337  3.9944  4.0580  4.1227  4.0787  3.9481  3.8510  40.7859  3.2033  3.2451  3.5576  3.7659  3.8879  4.0037  3.9130  3.8705  3.9153  3.8658  3.8585  3.8373  3.8143  3.8605  3.9235  3.9500  3.8924  3.6976 
>
iteration       : 2
climbing        : no
zoom on         : no
nim             : 30
barrier         :   0.02108105 (image: 10) 
distance        :   0.00000000    0.60554517    1.20689248    1.80874894    2.41076276    3.01145937    3.60992760    4.20487355    4.79547652    5.38283679    5.97587238    6.56437739    7.14430861    7.71944991    8.29767350    8.89342168    9.51591169   10.14232866   10.75071447   11.35824490   11.96582676   12.57308218   13.17906362   13.78261056   14.38298619   14.97995773   15.57368704   16.16464522   16.75359496   17.34159578 
energy          : -30.57795464  -30.57763521  -30.57672573  -30.57525825  -30.57323825  -30.57063747  -30.56748625  -30.56391196  -30.56039458  -30.55773292  -30.55687359  -30.55815113  -30.56273401  -30.57063215  -30.58036147  -30.59044837  -30.60024284  -30.60923445  -30.61728304  -30.62462477  -30.63118519  -30.63693826  -30.64187343  -30.64605306  -30.64956501  -30.65245667  -30.65474890  -30.65643599  -30.65750599  -30.65788867 
max(|Fr_perp|)   :   0.00000000    0.00299823    0.00629376    0.00975142    0.01315101    0.01615431    0.01818177    0.01828703    0.01560124    0.00985357    0.00119273    0.01399742    0.02852228    0.04089370    0.04917794    0.05324730    0.05479554    0.05456075    0.05260566    0.04895818    0.04391930    0.03785197    0.03127715    0.02465118    0.01836690    0.01274810    0.00807007    0.00447034    0.00220917    0.00000000 
Fr_paral         :   0.00001329   -0.00109922   -0.00213653   -0.00312770   -0.00418073   -0.00526778   -0.00625257   -0.00671785   -0.00588653   -0.00353873    0.00043783    0.00479075    0.01119412    0.01637243    0.01812005    0.01731292    0.01565942    0.01413420    0.01288016    0.01166073    0.01031416    0.00896938    0.00761383    0.00642829    0.00537475    0.00436860    0.00333711    0.00234592    0.00125204   -0.00002284 
max(|Fsp_paral|) :   0.00000000    0.00101780    0.00159484    0.00217971    0.00299529    0.00382083    0.00446016    0.00442054    0.00334228    0.00141753    0.00022008    0.00186973    0.00533875    0.00849090    0.00753282    0.00011465    0.00001744    0.00008182    0.00000391    0.00000023    0.00000144    0.00000543    0.00000986    0.00001198    0.00001181    0.00001157    0.00000990    0.00000699    0.00000332    0.00000000 
max(|Fsp_perp|)  :   0.00000000    0.00000000    0.00000000    0.00000000    0.00000000    0.00000000    0.00000000    0.00000000    0.00000000    0.00000000    0.00000000    0.00000000    0.00000000    0.00000000    0.00000000    0.00000000    0.00000000    0.00000000    0.00000000    0.00000000    0.00000000    0.00000000    0.00000000    0.00000000    0.00000000    0.00000000    0.00000000    0.00000000    0.00000000    0.00000000 
max(|FNEB|)      :   0.00007295    0.00302956    0.00619222    0.00932611    0.01221604    0.01453829    0.01622841    0.01624125    0.01394912    0.00909745    0.00128328    0.01367725    0.02761055    0.03945036    0.04796736    0.05327789    0.05481615    0.05457603    0.05263402    0.04899180    0.04395589    0.03788913    0.03131252    0.02468266    0.01839277    0.01276739    0.00808279    0.00447744    0.00220915    0.00003837 
max(|Force|)     :   0.00007217    0.00319073    0.00667723    0.01033153    0.01396213    0.01723985    0.01956980    0.01990098    0.01712574    0.01083750    0.00110487    0.01453927    0.02939754    0.04212787    0.05041857    0.05425539    0.05556588    0.05517540    0.05312432    0.04939093    0.04425573    0.03809550    0.03143583    0.02474276    0.01840930    0.01275650    0.00805821    0.00452272    0.00229007    0.00004674 
ksp              :   0.01136469    0.01525015    0.02151915    0.03014767    0.04125549    0.05471165    0.06997035    0.08498143    0.09633668    0.10000000    0.10000000    0.09455384    0.07501205    0.04132270    0.01000000    0.01000000    0.01000000    0.01000000    0.01000000    0.01000000    0.01000000    0.01000000    0.01000000    0.01000000    0.01000000    0.01000000    0.01000000    0.01000000    0.01000000 
max(|step|)      :   0.00013308    0.00552676    0.01129635    0.01701343    0.02228548    0.02652192    0.02960516    0.02962858    0.02544710    0.01659629    0.00234107    0.02495114    0.05036936    0.07196850    0.08750588    0.09719377    0.10000000    0.09956195    0.09601917    0.08937475    0.08018783    0.06912038    0.05712280    0.04502807    0.03355355    0.02329129    0.01474528    0.00816810    0.00403010    0.00006999 
angle (deg.)     :    3.9083  3.9856  4.0651  4.1359  4.2424  4.4209  4.4949  4.3836  4.2749  38.8710  3.2596  3.4165  4.1920  4.4317  4.3389  4.0671  3.9806  3.9297  3.9539  3.9036  3.8829  3.8477  3.8122  3.8693  3.9457  3.9851  3.9405  3.7497 
>
iteration       : 3
climbing        : no
zoom on         : no
nim             : 30
barrier         :   0.02106664 (image: 10) 
distance        :   0.00000000    0.61011036    1.21481722    1.82017228    2.42603189    3.03073318    3.63277647    4.22902613    4.81723532    5.39903277    5.98767884    6.57209937    7.13953661    7.70253670    8.28562829    8.91783769    9.54285749   10.17091780   10.78073065   11.38912705   11.99758787   12.60567857   13.21242421   13.81655178   14.41730909   15.01451386   15.60839385   16.19945169   16.78847958   17.37654671 
energy          : -30.57795466  -30.57772012  -30.57704735  -30.57593853  -30.57435534  -30.57219919  -30.56936864  -30.56577971  -30.56176760  -30.55830637  -30.55688802  -30.55899319  -30.56603119  -30.57690741  -30.58894472  -30.60051841  -30.61038552  -30.61891246  -30.62597525  -30.63194098  -30.63695895  -30.64120541  -30.64483304  -30.64797840  -30.65073301  -30.65310964  -30.65507474  -30.65656816  -30.65753722  -30.65788858 
max(|Fr_perp|)   :   0.00000000    0.00202657    0.00440451    0.00706125    0.00987449    0.01259226    0.01474610    0.01575578    0.01444884    0.00960738    0.00124394    0.01348465    0.02781930    0.03891255    0.04457039    0.04662153    0.04555846    0.04218318    0.03725732    0.03135984    0.02511577    0.01908416    0.01377831    0.01190930    0.01015500    0.00819471    0.00611772    0.00400566    0.00195164    0.00000000 
Fr_paral         :   0.00001334   -0.00080469   -0.00159018   -0.00239381   -0.00336010   -0.00454292   -0.00598044   -0.00731905   -0.00733838   -0.00509201    0.00021534    0.00787943    0.01694956    0.02212737    0.02130850    0.01826404    0.01536831    0.01300571    0.01097621    0.00924256    0.00774422    0.00657038    0.00561088    0.00490431    0.00429741    0.00366209    0.00290746    0.00210527    0.00114477   -0.00002293 
max(|Fsp_paral|) :   0.00000000    0.00075168    0.00121899    0.00172601    0.00251257    0.00346671    0.00446929    0.00494935    0.00421138    0.00217016    0.00020146    0.00313328    0.00789778    0.01142512    0.00088915    0.00003082    0.00001355    0.00008318    0.00000650    0.00000029    0.00000165    0.00000576    0.00001065    0.00001278    0.00001237    0.00001191    0.00001011    0.00000708    0.00000337    0.00000000 
max(|Fsp_perp|)  :   0.00000000    0.00000000    0.00000000    0.00000000    0.00000000    0.00000000    0.00000000    0.00000000    0.00000000    0.00000000    0.00000000    0.00000000    0.00000000    0.00000000    0.00000000    0.00000000    0.00000000    0.00000000    0.00000000    0.00000000    0.00000000    0.00000000    0.00000000    0.00000000    0.00000000    0.00000000    0.00000000    0.00000000    0.00000000    0.00000000 
max(|FNEB|)      :   0.00006635    0.00208336    0.00449734    0.00718234    0.01001172    0.01271567    0.01479757    0.01528929    0.01315488    0.00832645    0.00133250    0.01263217    0.02566014    0.03593509    0.04437132    0.04661655    0.04556005    0.04217569    0.03725686    0.03135985    0.02511572    0.01908410    0.01377841    0.01190853    0.01015398    0.00819353    0.00611653    0.00400465    0.00195108    0.00003848 
max(|Force|)     :   0.00006556    0.00199934    0.00435319    0.00699068    0.00979126    0.01258191    0.01567975    0.01756830    0.01647756    0.01116375    0.00119881    0.01537877    0.02993085    0.04145936    0.04657357    0.04788762    0.04636156    0.04271683    0.03760983    0.03157463    0.02522348    0.01911531    0.01375789    0.01202138    0.01027871    0.00832373    0.00624044    0.00411016    0.00201761    0.00004691 
ksp              :   0.01100199    0.01387616    0.01861320    0.02537684    0.03458827    0.04668080    0.06201327    0.07915366    0.09394057    0.10000000    0.10000000    0.09100637    0.06093892    0.01447401    0.01000000    0.01000000    0.01000000    0.01000000    0.01000000    0.01000000    0.01000000    0.01000000    0.01000000    0.01000000    0.01000000    0.01000000    0.01000000    0.01000000    0.01000000 
max(|step|)      :   0.00014387    0.00418058    0.00918051    0.01491184    0.02113712    0.02728318    0.03225364    0.03381224    0.02941933    0.01873593    0.00294718    0.02746211    0.05585730    0.07784917    0.09644865    0.10000000    0.09646482    0.08753317    0.07528781    0.06121026    0.04684366    0.03351495    0.02920785    0.02579239    0.02187892    0.01755455    0.01303019    0.00849013    0.00754601    0.00713767 
angle (deg.)     :    4.0378  4.1014  4.1720  4.2404  4.3897  4.7300  5.1344  5.2764  5.2168  36.4481  3.4990  4.4185  5.9467  5.4705  4.6458  4.3719  4.0917  3.9859  3.9767  3.9058  3.8844  3.8553  3.8314  3.9115  4.0026  4.0481  4.0025  3.8049 
>
iteration       : 4
climbing        : no
zoom on         : no
nim             : 30
barrier         :   0.02104620 (image: 10) 
distance        :   0.00000000    0.61378225    1.22148860    1.83027139    2.44050465    3.05080546    3.65953010    4.26095223    4.84898170    5.42405587    6.00339246    6.57528375    7.11991286    7.66676000    8.31884657    8.95567172    9.58615069   10.21673505   10.82912426   11.43931868   12.04915941   12.65817547   13.26542025   13.86970408   14.47042256   15.06752392   15.66133482   16.25238143   16.84144103   17.42954949 
energy          : -30.57795467  -30.57777314  -30.57725188  -30.57638967  -30.57514675  -30.57341223  -30.57101174  -30.56764789  -30.56333149  -30.55903094  -30.55690848  -30.55999306  -30.56987407  -30.58362664  -30.59862882  -30.61028662  -30.61922421  -30.62614717  -30.63152454  -30.63595976  -30.63975211  -30.64310662  -30.64612562  -30.64885928  -30.65132228  -30.65348231  -30.65528428  -30.65666132  -30.65756055  -30.65788847 
max(|Fr_perp|)   :   0.00000000    0.00129320    0.00291389    0.00488420    0.00721779    0.00986750    0.01258187    0.01443973    0.01364798    0.00911261    0.00130708    0.01349615    0.02735845    0.03601580    0.03969436    0.03738469    0.03269054    0.02678216    0.02119337    0.01630220    0.01465703    0.01334066    0.01183532    0.01018656    0.00845241    0.00666336    0.00488317    0.00316091    0.00153390    0.00000000 
Fr_paral         :   0.00001357   -0.00061525   -0.00121855   -0.00184113   -0.00263252   -0.00370391   -0.00531281   -0.00746308   -0.00876917   -0.00704670   -0.00013192    0.01185121    0.02407657    0.02749623    0.02289882    0.01754580    0.01328244    0.01023976    0.00821921    0.00687905    0.00594459    0.00531757    0.00478270    0.00435083    0.00390042    0.00336239    0.00268345    0.00195185    0.00106645   -0.00002302 
max(|Fsp_paral|) :   0.00000000    0.00058080    0.00096113    0.00137788    0.00206474    0.00301094    0.00423493    0.00523391    0.00496879    0.00284735    0.00034419    0.00452229    0.01036854    0.00786464    0.00006435    0.00002730    0.00000044    0.00008360    0.00001016    0.00000163    0.00000370    0.00000763    0.00001210    0.00001355    0.00001264    0.00001182    0.00000992    0.00000694    0.00000335    0.00000000 
max(|Fsp_perp|)  :   0.00000000    0.00000000    0.00000000    0.00000000    0.00000000    0.00000000    0.00000000    0.00000000    0.00000000    0.00000000    0.00000000    0.00000000    0.00000000    0.00000000    0.00000000    0.00000000    0.00000000    0.00000000    0.00000000    0.00000000    0.00000000    0.00000000    0.00000000    0.00000000    0.00000000    0.00000000    0.00000000    0.00000000    0.00000000    0.00000000 
max(|FNEB|)      :   0.00006126    0.00152500    0.00301070    0.00501784    0.00738053    0.01003012    0.01265758    0.01429253    0.01330106    0.00882863    0.00147470    0.01172452    0.02320100    0.03319175    0.03969439    0.03740553    0.03272315    0.02681031    0.02122343    0.01632799    0.01466114    0.01334479    0.01183906    0.01018964    0.00845473    0.00666491    0.00488405    0.00316131    0.00153407    0.00003863 
max(|Force|)     :   0.00006045    0.00131779    0.00286634    0.00481613    0.00713267    0.00978111    0.01254372    0.01463593    0.01544586    0.01145058    0.00133638    0.01591346    0.03174167    0.04038689    0.04228849    0.03871548    0.03333683    0.02708869    0.02132224    0.01632872    0.01469790    0.01339323    0.01190072    0.01026519    0.00854256    0.00676013    0.00497798    0.00324415    0.00158820    0.00004713 
ksp              :   0.01077672    0.01300701    0.01669603    0.02201396    0.02943510    0.03970484    0.05409320    0.07254984    0.09093173    0.10000000    0.10000000    0.08681960    0.04459392    0.01000000    0.01000000    0.01000000    0.01000000    0.01000000    0.01000000    0.01000000    0.01000000    0.01000000    0.01000000    0.01000000    0.01000000    0.01000000    0.01000000    0.01000000    0.01000000 
max(|step|)      :   0.00015434    0.00384186    0.00758471    0.01264117    0.01859338    0.02526837    0.03188759    0.03600644    0.03350868    0.02224150    0.00371513    0.02953698    0.05844907    0.08361824    0.10000000    0.09423379    0.08243772    0.06754182    0.05346709    0.04113426    0.03693505    0.03361882    0.02982552    0.02567022    0.02129955    0.01679057    0.01230414    0.00796412    0.00386470    0.00009732 
angle (deg.)     :    4.1661  4.2188  4.2773  4.3331  4.5046  4.9939  5.9014  6.6988  6.8394  33.6354  3.9352  6.7677  8.2498  6.9546  5.2654  4.5019  4.1042  3.9697  3.9714  3.9295  3.9354  3.9149  3.8842  3.9699  4.0632  4.1088  4.0625  3.8596 
>
iteration       : 5
climbing        : no
zoom on         : no
nim             : 30
barrier         :   0.02101894 (image: 10) 
distance        :   0.00000000    0.61729331    1.22790259    1.83994200    2.45444557    3.07073301    3.68781223    4.29788447    4.88910633    5.45758651    6.02339740    6.57704508    7.09228989    7.65851532    8.36732485    9.01447887    9.65190936   10.28632018   10.90166007   11.51352191   12.12441993   12.73409538   13.34175275   13.94628652   14.54715702   15.14435499   15.73825534   16.32939324   16.91854371   17.50673077 
energy          : -30.57795469  -30.57780987  -30.57739219  -30.57669899  -30.57569826  -30.57429792  -30.57231780  -30.56933323  -30.56495439  -30.55986665  -30.55693575  -30.56104335  -30.57374331  -30.59084365  -30.60779813  -30.61803927  -30.62504350  -30.63030460  -30.63449215  -30.63810591  -30.64134202  -30.64430648  -30.64703343  -30.64953201  -30.65179628  -30.65378948  -30.65545808  -30.65673840  -30.65757976  -30.65788834 
max(|Fr_perp|)   :   0.00000000    0.00119985    0.00228849    0.00333744    0.00450436    0.00672074    0.00956921    0.01250426    0.01333938    0.00952939    0.00136644    0.01175179    0.02368710    0.03162565    0.03002704    0.02342590    0.01676741    0.01619036    0.01528316    0.01416821    0.01290591    0.01153883    0.01010897    0.00863451    0.00713968    0.00562040    0.00410504    0.00263884    0.00126011    0.00000000 
Fr_paral         :   0.00001386   -0.00048318   -0.00096256   -0.00144984   -0.00207580   -0.00294842   -0.00445265   -0.00708953   -0.00993084   -0.00929023   -0.00063195    0.01653214    0.03178289    0.03165015    0.02211286    0.01431298    0.01000521    0.00770061    0.00643760    0.00568664    0.00514894    0.00476019    0.00436212    0.00400746    0.00360640    0.00311618    0.00249371    0.00182166    0.00100083   -0.00002317 
max(|Fsp_paral|) :   0.00000000    0.00046178    0.00078241    0.00112903    0.00170796    0.00256377    0.00384804    0.00527849    0.00555919    0.00335982    0.00053381    0.00581291    0.01186087    0.00383787    0.00025569    0.00004199    0.00001364    0.00008840    0.00001621    0.00000445    0.00000551    0.00000873    0.00001280    0.00001393    0.00001287    0.00001188    0.00000994    0.00000694    0.00000340    0.00000000 
max(|Fsp_perp|)  :   0.00000000    0.00000000    0.00000000    0.00000000    0.00000000    0.00000000    0.00000000    0.00000000    0.00000000    0.00000000    0.00000000    0.00000000    0.00000000    0.00000000    0.00000000    0.00000000    0.00000000    0.00000000    0.00000000    0.00000000    0.00000000    0.00000000    0.00000000    0.00000000    0.00000000    0.00000000    0.00000000    0.00000000    0.00000000    0.00000000 
max(|FNEB|)      :   0.00005706    0.00128331    0.00256713    0.00384860    0.00520616    0.00690706    0.00968200    0.01231001    0.01272647    0.00895228    0.00166425    0.00861849    0.01768448    0.02989045    0.02994902    0.02341965    0.01676725    0.01618996    0.01528314    0.01416821    0.01290589    0.01153876    0.01010876    0.00863413    0.00713912    0.00561971    0.00410429    0.00263815    0.00125969    0.00003878 
max(|Force|)     :   0.00005623    0.00122358    0.00233720    0.00336233    0.00441085    0.00661614    0.00950275    0.01263927    0.01428870    0.01194048    0.00152117    0.01748309    0.03157643    0.03787744    0.03282535    0.02434466    0.01681920    0.01620635    0.01528780    0.01417228    0.01291486    0.01155620    0.01013795    0.00867652    0.00719455    0.00568496    0.00417325    0.00270253    0.00130380    0.00004735 
ksp              :   0.01062011    0.01240852    0.01537670    0.01966171    0.02565773    0.03413634    0.04691579    0.06566534    0.08745028    0.10000000    0.10000000    0.08241186    0.02803251    0.01000000    0.01000000    0.01000000    0.01000000    0.01000000    0.01000000    0.01000000    0.01000000    0.01000000    0.01000000    0.01000000    0.01000000    0.01000000    0.01000000    0.01000000    0.01000000 
max(|step|)      :   0.00019144    0.00428088    0.00856959    0.01285880    0.01741538    0.02267951    0.03202338    0.04101450    0.04263293    0.03002972    0.00551065    0.03004531    0.06111753    0.10000000    0.09906632    0.07633461    0.05556110    0.05336843    0.05012899    0.04625315    0.04195528    0.03735600    0.03260632    0.02775875    0.02288117    0.01795503    0.01306371    0.01022870    0.01002847    0.00949069 
angle (deg.)     :    4.2903  4.3371  4.3797  4.4134  4.5730  5.1252  6.7270  9.0898  9.9076  30.0661  4.8821  11.3485  12.6536  9.1342  5.3499  4.3280  4.0292  3.9897  4.0367  4.0107  4.0196  3.9907  3.9412  4.0314  4.1316  4.1765  4.1302  3.9209 
>
iteration       : 6
climbing        : no
zoom on         : no
nim             : 30
barrier         :   0.02097179 (image: 10) 
distance        :   0.00000000    0.62090681    1.23461329    1.85003720    2.46901475    3.09209621    3.72029704    4.34558111    4.94751874    5.50926998    6.05177427    6.57390067    7.04835185    7.69257208    8.45017133    9.11666997    9.76321026   10.40111876   11.01878060   11.63173849   12.24338533   12.85366398   13.46182354   14.06675065   14.66791175   15.26531229   15.85937412   16.45064877   17.03991725   17.62819991 
energy          : -30.57795471  -30.57783783  -30.57749791  -30.57692987  -30.57610857  -30.57496965  -30.57337504  -30.57090135  -30.56677845  -30.56095318  -30.55698292  -30.56209323  -30.57742373  -30.59986644  -30.61574386  -30.62335777  -30.62867270  -30.63293360  -30.63650015  -30.63967806  -30.64258772  -30.64529290  -30.64780211  -30.65011176  -30.65220898  -30.65405928  -30.65561176  -30.65680684  -30.65759683  -30.65788817 
max(|Fr_perp|)   :   0.00000000    0.00103571    0.00198802    0.00288315    0.00374026    0.00465082    0.00575525    0.00896407    0.01177309    0.00935735    0.00141054    0.01028119    0.01935976    0.02414500    0.01564315    0.01538241    0.01429899    0.01313713    0.01196927    0.01084106    0.00976452    0.00870307    0.00760764    0.00646528    0.00529659    0.00411460    0.00295451    0.00187714    0.00089711    0.00000000 
Fr_paral         :   0.00001423   -0.00038192   -0.00076907   -0.00115781   -0.00164705   -0.00230290   -0.00348644   -0.00610378   -0.01066489   -0.01223668   -0.00152213    0.02236758    0.04039288    0.03364722    0.01700802    0.01017137    0.00764898    0.00634500    0.00556214    0.00506334    0.00467430    0.00437274    0.00403181    0.00371474    0.00334623    0.00289509    0.00232193    0.00170304    0.00094075   -0.00002335 
max(|Fsp_paral|) :   0.00000000    0.00037212    0.00065029    0.00094774    0.00143607    0.00217089    0.00336184    0.00504408    0.00588253    0.00352524    0.00092780    0.00716116    0.01262731    0.00014882    0.00037402    0.00008732    0.00003947    0.00009478    0.00002212    0.00000610    0.00000620    0.00000920    0.00001327    0.00001432    0.00001324    0.00001207    0.00001005    0.00000701    0.00000349    0.00000000 
max(|Fsp_perp|)  :   0.00000000    0.00000000    0.00000000    0.00000000    0.00000000    0.00000000    0.00000000    0.00000000    0.00000000    0.00000000    0.00000000    0.00000000    0.00000000    0.00000000    0.00000000    0.00000000    0.00000000    0.00000000    0.00000000    0.00000000    0.00000000    0.00000000    0.00000000    0.00000000    0.00000000    0.00000000    0.00000000    0.00000000    0.00000000    0.00000000 
max(|FNEB|)      :   0.00005328    0.00102970    0.00207666    0.00312515    0.00424762    0.00549783    0.00696905    0.00881607    0.01099647    0.00925969    0.00201995    0.00946938    0.01845585    0.02408378    0.01561989    0.01538707    0.01430653    0.01314508    0.01197636    0.01084720    0.00976996    0.00870794    0.00761191    0.00646878    0.00529918    0.00411625    0.00295533    0.00187740    0.00089717    0.00003894 
max(|Force|)     :   0.00005242    0.00105254    0.00202341    0.00293880    0.00382335    0.00467611    0.00543895    0.00906971    0.01262462    0.01207784    0.00182561    0.01773181    0.03264031    0.03227724    0.01679302    0.01554425    0.01434414    0.01313576    0.01195081    0.01081868    0.00974520    0.00869089    0.00760723    0.00647812    0.00532330    0.00415288    0.00300036    0.00192400    0.00093161    0.00004762 
ksp              :   0.01050179    0.01196113    0.01439975    0.01792565    0.02281510    0.02966109    0.04028125    0.05797838    0.08297169    0.10000000    0.10000000    0.07807286    0.01229394    0.01000000    0.01000000    0.01000000    0.01000000    0.01000000    0.01000000    0.01000000    0.01000000    0.01000000    0.01000000    0.01000000    0.01000000    0.01000000    0.01000000    0.01000000    0.01000000 
max(|step|)      :   0.00022123    0.00427547    0.00862265    0.01297616    0.01763686    0.02282793    0.02893667    0.03660585    0.04565925    0.03844780    0.00838719    0.03931849    0.07663186    0.10000000    0.06485649    0.06388975    0.05940318    0.05458061    0.04972791    0.04503946    0.04056657    0.03615686    0.03160594    0.02685947    0.02200308    0.01709137    0.01227103    0.00779529    0.00372521    0.00016169 
angle (deg.)     :    4.3979  4.4470  4.4784  4.5062  4.6452  5.1153  7.2404  12.2100  14.7321  26.7282  5.7682  17.7834  20.7168  8.6653  4.7376  4.3417  4.1405  4.1049  4.1302  4.0871  4.0983  4.0647  3.9971  4.0931  4.2036  4.2449  4.1996  3.9837 
>
iteration       : 7
climbing        : yes
zoom on         : no
nim             : 30
barrier         :   0.02088884 (image: 10) 
distance        :   0.00000000    0.62448243    1.24138486    1.86019807    2.48353973    3.11332535    3.75334303    4.39882758    5.02209938    5.57935599    6.08818703    6.56833526    6.99288448    7.78526291    8.58132831    9.26939366    9.92231824   10.56225927   11.18199323   11.79614751   12.40871785   13.01977286   13.62859726   14.23405000   14.83560041   15.43326579   16.02752848   16.61896149   17.20836114   17.79675313 
energy          : -30.57795473  -30.57785805  -30.57757414  -30.57709515  -30.57639800  -30.57543263  -30.57409700  -30.57205228  -30.56841147  -30.56212487  -30.55706589  -30.56249959  -30.57900032  -30.60842419  -30.62064306  -30.62674076  -30.63121478  -30.63489402  -30.63804767  -30.64090836  -30.64356780  -30.64607070  -30.64840633  -30.65056526  -30.65252976  -30.65426842  -30.65573075  -30.65685985  -30.65761006  -30.65788799 
max(|Fr_perp|)   :   0.00000000    0.00086979    0.00166583    0.00241371    0.00315225    0.00397628    0.00495219    0.00618246    0.00894961    0.00824667    0.00153289    0.00625469    0.01034950    0.01312128    0.01331852    0.01171252    0.01052372    0.00952416    0.00873527    0.00800527    0.00724843    0.00646133    0.00562818    0.00478404    0.00395612    0.00314139    0.00231760    0.00149521    0.00069933    0.00000000 
Fr_paral         :   0.00001465   -0.00030939   -0.00063253   -0.00095779   -0.00136382   -0.00188205   -0.00277625   -0.00489685   -0.01050950   -0.01540531   -0.00299147    0.02741934    0.04834767    0.02915984    0.01222444    0.00816719    0.00645703    0.00550021    0.00492648    0.00456149    0.00427163    0.00403790    0.00374376    0.00346381    0.00312765    0.00271307    0.00218390    0.00160811    0.00089326   -0.00002359 
max(|Fsp_paral|) :   0.00000000    0.00030741    0.00055626    0.00082464    0.00126221    0.00192769    0.00301422    0.00469705    0.00577603    0.00333323    0.00145102    0.00822871    0.01190790    0.00001432    0.00044311    0.00015536    0.00005986    0.00009537    0.00002641    0.00000740    0.00000688    0.00000969    0.00001384    0.00001480    0.00001373    0.00001234    0.00001022    0.00000711    0.00000359    0.00000000 
max(|Fsp_perp|)  :   0.00000000    0.00000000    0.00000000    0.00000000    0.00000000    0.00000000    0.00000000    0.00000000    0.00000000    0.00000000    0.00000000    0.00000000    0.00000000    0.00000000    0.00000000    0.00000000    0.00000000    0.00000000    0.00000000    0.00000000    0.00000000    0.00000000    0.00000000    0.00000000    0.00000000    0.00000000    0.00000000    0.00000000    0.00000000    0.00000000 
max(|FNEB|)      :   0.00005115    0.00084610    0.00173842    0.00264656    0.00363773    0.00474918    0.00606541    0.00769581    0.01071627    0.00954050    0.00239160    0.00874765    0.01534910    0.01313172    0.01328405    0.01171673    0.01053194    0.00953241    0.00874186    0.00801118    0.00725400    0.00646633    0.00563253    0.00478780    0.00395937    0.00314422    0.00231988    0.00149666    0.00069984    0.00003903 
max(|Force|)     :   0.00005027    0.00088164    0.00169151    0.00245479    0.00321445    0.00398097    0.00478113    0.00553927    0.00999441    0.01278545    0.00245160    0.02083849    0.03379614    0.01944790    0.01383263    0.01182556    0.01051595    0.00947975    0.00867930    0.00795015    0.00720013    0.00642153    0.00560049    0.00476981    0.00395723    0.00315691    0.00234515    0.00152903    0.00072672    0.00004784 
ksp              :   0.01041670    0.01164041    0.01370484    0.01670949    0.02087007    0.02662642    0.03543893    0.05112947    0.07821237    0.10000000    0.10000000    0.07658120    0.01000000    0.01000000    0.01000000    0.01000000    0.01000000    0.01000000    0.01000000    0.01000000    0.01000000    0.01000000    0.01000000    0.01000000    0.01000000    0.01000000    0.01000000    0.01000000    0.01000000 
max(|step|)      :   0.00020955    0.00346669    0.00712273    0.01084362    0.01490465    0.01945854    0.02485147    0.03153161    0.04390715    0.03908976    0.00979895    0.03584127    0.06288899    0.05380386    0.05442800    0.04800628    0.04315193    0.03905661    0.03581753    0.03282376    0.02972141    0.02649411    0.02307786    0.01961680    0.01622252    0.01288262    0.00950511    0.00613217    0.00286742    0.00015990 
angle (deg.)     :    4.4630  4.5191  4.5450  4.5832  4.7256  5.1186  7.2710  14.8504  19.9597  24.9820  7.6004  25.8259  25.8137  7.3118  4.9892  4.5991  4.2273  4.1421  4.1616  4.1173  4.1561  4.1269  4.0422  4.1393  4.2621  4.2990  4.2556  4.0370 
>
iteration       : 8
climbing        : yes
zoom on         : no
nim             : 30
barrier         :   0.02077004 (image: 10) 
distance        :   0.00000000    0.62733152    1.24692797    1.86857047    2.49554947    3.13093539    3.78075115    4.44449252    5.09325274    5.64912948    6.12265526    6.56090683    6.95660097    7.88458146    8.71540962    9.41676758   10.07444265   10.71592490   11.33724067   11.95226200   12.56544674   13.17699601   13.78627435   14.39208245   14.99389121   15.59171329   16.18609011   16.77761484   17.36709623   17.95556605 
energy          : -30.57795476  -30.57787006  -30.57761958  -30.57719446  -30.57657234  -30.57570833  -30.57451218  -30.57268952  -30.56940976  -30.56298162  -30.55718471  -30.56178187  -30.57812439  -30.61313327  -30.62354536  -30.62885774  -30.63284878  -30.63614718  -30.63903117  -30.64168397  -30.64417542  -30.64654464  -30.64876684  -30.65083057  -30.65271429  -30.65438739  -30.65579822  -30.65689012  -30.65761776  -30.65788783 
max(|Fr_perp|)   :   0.00000000    0.00068732    0.00131942    0.00192119    0.00253380    0.00315387    0.00382345    0.00471741    0.00614211    0.00660733    0.00175525    0.00952953    0.01196443    0.01066886    0.00953670    0.00845464    0.00756167    0.00712496    0.00651889    0.00585624    0.00521856    0.00466807    0.00409207    0.00345551    0.00306780    0.00240988    0.00173191    0.00111852    0.00049377    0.00000000 
Fr_paral         :   0.00001491   -0.00026653   -0.00055059   -0.00083651   -0.00119544   -0.00164296   -0.00240891   -0.00416513   -0.00994147   -0.01781311   -0.00476981    0.02718448    0.05211839    0.02534266    0.01048058    0.00696679    0.00568115    0.00490135    0.00449391    0.00422391    0.00400453    0.00381776    0.00355591    0.00330463    0.00299363    0.00260589    0.00210429    0.00155409    0.00086578   -0.00002380 
max(|Fsp_paral|) :   0.00000000    0.00026962    0.00050035    0.00075337    0.00116790    0.00181549    0.00290362    0.00458403    0.00539460    0.00281530    0.00195897    0.00711051    0.01174107    0.00040545    0.00053846    0.00019428    0.00007501    0.00009559    0.00002990    0.00000860    0.00000744    0.00000988    0.00001425    0.00001515    0.00001413    0.00001253    0.00001031    0.00000715    0.00000361    0.00000000 
max(|Fsp_perp|)  :   0.00000000    0.00000000    0.00000000    0.00000000    0.00000000    0.00000000    0.00000000    0.00000000    0.00000000    0.00000000    0.00000000    0.00000000    0.00000000    0.00000000    0.00000000    0.00000000    0.00000000    0.00000000    0.00000000    0.00000000    0.00000000    0.00000000    0.00000000    0.00000000    0.00000000    0.00000000    0.00000000    0.00000000    0.00000000    0.00000000 
max(|FNEB|)      :   0.00004914    0.00066866    0.00127942    0.00193218    0.00268580    0.00357430    0.00471406    0.00648531    0.00995596    0.00874336    0.00302734    0.01093087    0.01346705    0.01056483    0.00948533    0.00845335    0.00756331    0.00712816    0.00652002    0.00585658    0.00521885    0.00466844    0.00409256    0.00345545    0.00306780    0.00240993    0.00172882    0.00111625    0.00049253    0.00003905 
max(|Force|)     :   0.00004826    0.00069571    0.00133827    0.00195191    0.00258133    0.00322860    0.00396046    0.00481518    0.00777557    0.01159751    0.00329538    0.02131535    0.03620591    0.01390194    0.00995257    0.00890789    0.00750424    0.00704727    0.00643836    0.00577899    0.00514795    0.00460589    0.00418863    0.00347956    0.00306770    0.00241077    0.00195979    0.00129185    0.00059961    0.00004798 
ksp              :   0.01036699    0.01145235    0.01329448    0.01599024    0.01973414    0.02491723    0.03281514    0.04702688    0.07488106    0.10000000    0.10000000    0.08007977    0.01000000    0.01000000    0.01000000    0.01000000    0.01000000    0.01000000    0.01000000    0.01000000    0.01000000    0.01000000    0.01000000    0.01000000    0.01000000    0.01000000    0.01000000    0.01000000    0.01000000 
max(|step|)      :   0.00037108    0.00555836    0.01100528    0.01676753    0.02317504    0.03055207    0.03964922    0.05117802    0.07530036    0.06610724    0.01248128    0.05457499    0.10000000    0.08654534    0.08201504    0.07206823    0.06414110    0.05873591    0.05342760    0.04817768    0.04302461    0.03815031    0.03308690    0.02772954    0.02333326    0.02085411    0.01838355    0.01742424    0.01706060    0.01682010 
angle (deg.)     :    4.5677  4.6382  4.6508  4.7157  4.8846  5.2792  7.4837  19.0314  30.5440  26.9807  7.5185  40.4362  32.3279  7.5918  5.1239  4.7245  4.2935  4.2181  4.2475  4.1830  4.2570  4.2326  4.1129  4.2149  4.3607  4.3904  4.3491  4.1238 
>
iteration       : 9
climbing        : yes
zoom on         : no
nim             : 30
barrier         :   0.02067966 (image: 10) 
distance        :   0.00000000    0.63224074    1.25656769    1.88316481    2.51652837    3.16182430    3.82909137    4.52507346    5.21923122    5.77325466    6.23097025    6.59871827    6.94930384    8.10670283    9.00145556    9.72715547   10.39270707   11.03684229   11.66065236   12.27712822   12.89137545   13.50376472   14.11383631   14.72025566   15.32251666   15.92062509   16.51522951   17.10696441   17.69665619   18.28534078 
energy          : -30.57795480  -30.57788566  -30.57767878  -30.57732456  -30.57680135  -30.57606887  -30.57504158  -30.57344468  -30.57059518  -30.56427153  -30.55727514  -30.56026765  -30.57461702  -30.61853309  -30.62725479  -30.63161927  -30.63496331  -30.63777721  -30.64030981  -30.64268807  -30.64496102  -30.64716009  -30.64924032  -30.65118299  -30.65295982  -30.65454530  -30.65588739  -30.65692957  -30.65762763  -30.65788759 
max(|Fr_perp|)   :   0.00000000    0.00050863    0.00095741    0.00137180    0.00178668    0.00219879    0.00282148    0.00384837    0.00535355    0.00544649    0.00115224    0.01193779    0.00696857    0.00745071    0.00585845    0.00539718    0.00433236    0.00380176    0.00330340    0.00293225    0.00260509    0.00229833    0.00215836    0.00199488    0.00178436    0.00152676    0.00121476    0.00084180    0.00043702    0.00000000 
Fr_paral         :   0.00001548   -0.00021208   -0.00044686   -0.00068413   -0.00098764   -0.00136042   -0.00200897   -0.00332714   -0.00819112   -0.02058225   -0.00602973    0.02448013    0.05489474    0.01669576    0.00814555    0.00555510    0.00469713    0.00417284    0.00393746    0.00377967    0.00364759    0.00353013    0.00331501    0.00309695    0.00281287    0.00245932    0.00199535    0.00147840    0.00082841   -0.00002409 
max(|Fsp_paral|) :   0.00000000    0.00021916    0.00042481    0.00065822    0.00104716    0.00169583    0.00287608    0.00452444    0.00439739    0.00380949    0.00508071    0.00351216    0.00119588    0.00807955    0.00071268    0.00026974    0.00009976    0.00009689    0.00003498    0.00001047    0.00000847    0.00001008    0.00001499    0.00001569    0.00001476    0.00001277    0.00001038    0.00000718    0.00000362    0.00000000 
max(|Fsp_perp|)  :   0.00000000    0.00000000    0.00000000    0.00000000    0.00000000    0.00000000    0.00000000    0.00000000    0.00000000    0.00000000    0.00000000    0.00000000    0.00000000    0.00000000    0.00000000    0.00000000    0.00000000    0.00000000    0.00000000    0.00000000    0.00000000    0.00000000    0.00000000    0.00000000    0.00000000    0.00000000    0.00000000    0.00000000    0.00000000    0.00000000 
max(|FNEB|)      :   0.00004831    0.00049806    0.00093226    0.00143349    0.00206622    0.00285037    0.00393884    0.00597355    0.00799696    0.00739245    0.00334731    0.01546592    0.00814044    0.01018914    0.00588438    0.00538046    0.00434623    0.00380545    0.00330863    0.00293679    0.00260917    0.00229617    0.00215496    0.00199087    0.00178022    0.00152315    0.00121175    0.00083964    0.00043595    0.00003882 
max(|Force|)     :   0.00004742    0.00051409    0.00097020    0.00139294    0.00182011    0.00225264    0.00282023    0.00371756    0.00496475    0.01312662    0.00351814    0.02418525    0.03776084    0.01062534    0.00688327    0.00585735    0.00452762    0.00414767    0.00361030    0.00292308    0.00274983    0.00260969    0.00247068    0.00230229    0.00207548    0.00179203    0.00143669    0.00100982    0.00053354    0.00004792 
ksp              :   0.01030104    0.01120186    0.01274417    0.01502212    0.01821104    0.02268316    0.02963451    0.04203658    0.06955166    0.10000000    0.10000000    0.08699847    0.02453660    0.01000000    0.01000000    0.01000000    0.01000000    0.01000000    0.01000000    0.01000000    0.01000000    0.01000000    0.01000000    0.01000000    0.01000000    0.01000000    0.01000000    0.01000000    0.01000000 
max(|step|)      :   0.00018306    0.00188721    0.00353244    0.00543169    0.00782920    0.01080042    0.01492478    0.02263458    0.03030152    0.02801096    0.01268338    0.05860237    0.03084518    0.03860799    0.02229668    0.02038725    0.01646844    0.01441934    0.01253683    0.01112787    0.00988650    0.00870048    0.00816543    0.00754366    0.00674549    0.00577142    0.00459146    0.00318150    0.00165186    0.00014711 
angle (deg.)     :    4.5910  4.6716  4.6811  4.7711  4.9606  5.4116  7.4928  20.7220  34.0605  24.0528  18.8219  43.0329  30.5499  9.9058  5.7296  5.1960  4.4745  4.2627  4.2922  4.2241  4.2882  4.2803  4.1384  4.2361  4.3935  4.4212  4.3788  4.1602 
>
iteration       : 10
climbing        : yes
zoom on         : no
nim             : 30
barrier         :   0.02077191 (image: 10) 
distance        :   0.00000000    0.63405654    1.26030557    1.88895131    2.52509194    3.17507333    3.85124294    4.56130498    5.26747104    5.82917356    6.28527151    6.61832125    6.98510305    8.08923504    9.05216734    9.78837935   10.45675949   11.10152423   11.72575032   12.34247790   12.95682474   13.56922759   14.17935627   14.78580531   15.38807222   15.98612472   16.58066339   17.17236667   17.76206100   18.35077732 
energy          : -30.57795482  -30.57788802  -30.57768827  -30.57734839  -30.57684884  -30.57615299  -30.57517732  -30.57364313  -30.57082791  -30.56413915  -30.55718291  -30.55863606  -30.57377336  -30.61827994  -30.62835277  -30.63233403  -30.63560437  -30.63822039  -30.64065974  -30.64296382  -30.64516406  -30.64730586  -30.64934193  -30.65125061  -30.65299953  -30.65456349  -30.65589439  -30.65693317  -30.65762920  -30.65788752 
max(|Fr_perp|)   :   0.00000000    0.00075672    0.00144334    0.00200419    0.00243366    0.00312939    0.00383339    0.00470981    0.00592725    0.00613737    0.00199703    0.03340183    0.01225669    0.01617971    0.00594512    0.01211687    0.00417531    0.00826998    0.00656111    0.00396488    0.00292602    0.00318252    0.00311258    0.00328617    0.00352239    0.00354316    0.00303039    0.00198575    0.00082557    0.00000000 
Fr_paral         :   0.00001568   -0.00020376   -0.00042773   -0.00064898   -0.00093246   -0.00126980   -0.00188490   -0.00325546   -0.00872078   -0.02167049   -0.00429452    0.01257434    0.05411797    0.02635842    0.00781738    0.00485135    0.00442508    0.00382555    0.00378311    0.00364179    0.00352714    0.00343391    0.00323971    0.00303667    0.00276348    0.00242211    0.00197865    0.00147323    0.00082481   -0.00002466 
max(|Fsp_paral|) :   0.00000000    0.00021047    0.00040792    0.00063496    0.00101620    0.00167167    0.00287521    0.00451143    0.00476698    0.00345852    0.00793584    0.00070381    0.00189677    0.00901977    0.00094747    0.00030361    0.00010992    0.00009788    0.00003580    0.00001120    0.00000887    0.00000990    0.00001511    0.00001579    0.00001500    0.00001283    0.00001027    0.00000707    0.00000353    0.00000000 
max(|Fsp_perp|)  :   0.00000000    0.00000000    0.00000000    0.00000000    0.00000000    0.00000000    0.00000000    0.00000000    0.00000000    0.00000000    0.00000000    0.00000000    0.00000000    0.00000000    0.00000000    0.00000000    0.00000000    0.00000000    0.00000000    0.00000000    0.00000000    0.00000000    0.00000000    0.00000000    0.00000000    0.00000000    0.00000000    0.00000000    0.00000000    0.00000000 
max(|FNEB|)      :   0.00004761    0.00077092    0.00147426    0.00205405    0.00250948    0.00283011    0.00350525    0.00584648    0.00842778    0.00613444    0.00402061    0.03380269    0.01400657    0.01196408    0.00597508    0.01205792    0.00419054    0.00825214    0.00655367    0.00396251    0.00292412    0.00318026    0.00310895    0.00328207    0.00351824    0.00353960    0.00302738    0.00198354    0.00082446    0.00005204 
max(|Force|)     :   0.00004673    0.00075045    0.00142946    0.00198221    0.00249334    0.00324542    0.00401335    0.00509203    0.00791126    0.01447739    0.00364781    0.03813959    0.04211615    0.02431426    0.00666777    0.01253852    0.00402436    0.00860237    0.00693664    0.00432626    0.00327196    0.00352345    0.00343157    0.00358428    0.00379486    0.00378899    0.00324049    0.00214805    0.00091948    0.00005491 
ksp              :   0.01028939    0.01115490    0.01262752    0.01479194    0.01780692    0.02203428    0.02868157    0.04087928    0.06986019    0.10000000    0.10000000    0.09370384    0.02811731    0.01000000    0.01000000    0.01000000    0.01000000    0.01000000    0.01000000    0.01000000    0.01000000    0.01000000    0.01000000    0.01000000    0.01000000    0.01000000    0.01000000    0.01000000    0.01000000 
max(|step|)      :   0.00019775    0.00186824    0.00350935    0.00511580    0.00741490    0.01034794    0.01475773    0.02438210    0.03341253    0.02862481    0.01449342    0.00458235    0.01010448    0.03642844    0.02456997    0.02098551    0.01814552    0.01597509    0.01409722    0.01242538    0.01085816    0.00983655    0.00920863    0.00850267    0.00761288    0.00653510    0.00525523    0.00461785    0.00434665    0.00423158 
angle (deg.)     :    4.6174  4.7089  4.7138  4.8289  5.0408  5.5472  7.7344  22.7717  37.4107  20.1157  16.7221  43.7328  31.4965  11.9739  5.7080  5.1780  4.4907  4.2953  4.3277  4.2581  4.3179  4.3246  4.1606  4.2567  4.4271  4.4535  4.4119  4.1949 
>
iteration       : 11
climbing        : yes
zoom on         : no
nim             : 30
barrier         :   0.02082177 (image: 10) 
distance        :   0.00000000    0.63602807    1.26435835    1.89522189    2.53436970    3.18946162    3.87535646    4.60081661    5.32209213    5.89007425    6.34533422    6.65736698    7.01233373    8.05652135    9.10637122    9.85511645   10.52600114   11.17163293   11.79612955   12.41313758   13.02760261   13.64000822   14.25018360   14.85665228   15.45891878   16.05690726   16.65136549   17.24303541   17.83275001   18.42152066 
energy          : -30.57795484  -30.57789243  -30.57770497  -30.57738588  -30.57691613  -30.57626135  -30.57533800  -30.57386245  -30.57106249  -30.56401300  -30.55713307  -30.55890619  -30.57311184  -30.61740641  -30.62944001  -30.63317245  -30.63623094  -30.63869412  -30.64101581  -30.64323222  -30.64536547  -30.64745576  -30.64945073  -30.65132880  -30.65305376  -30.65459931  -30.65591535  -30.65694268  -30.65763165  -30.65788746 
max(|Fr_perp|)   :   0.00000000    0.00076306    0.00145316    0.00201344    0.00252375    0.00333085    0.00418549    0.00536763    0.00652411    0.00559592    0.00088781    0.03079244    0.01518430    0.01749692    0.00540471    0.01215681    0.00382208    0.00842075    0.00678417    0.00419335    0.00304651    0.00330714    0.00324751    0.00340067    0.00360939    0.00360524    0.00307838    0.00202457    0.00085374    0.00000000 
Fr_paral         :   0.00001592   -0.00019058   -0.00040154   -0.00060788   -0.00087501   -0.00118362   -0.00177231   -0.00316796   -0.00912352   -0.02238697   -0.00308732    0.01407335    0.05286545    0.03161606    0.00757465    0.00446625    0.00413195    0.00360342    0.00360544    0.00350737    0.00342403    0.00335084    0.00317181    0.00298539    0.00272317    0.00239110    0.00195541    0.00145547    0.00081589   -0.00002498 
max(|Fsp_paral|) :   0.00000000    0.00019611    0.00038461    0.00060601    0.00098208    0.00165059    0.00288835    0.00458234    0.00499734    0.00309201    0.00904539    0.00102471    0.00026429    0.00921750    0.00124650    0.00034810    0.00011746    0.00010075    0.00003578    0.00001197    0.00000940    0.00000970    0.00001523    0.00001586    0.00001525    0.00001290    0.00001011    0.00000689    0.00000341    0.00000000 
max(|Fsp_perp|)  :   0.00000000    0.00000000    0.00000000    0.00000000    0.00000000    0.00000000    0.00000000    0.00000000    0.00000000    0.00000000    0.00000000    0.00000000    0.00000000    0.00000000    0.00000000    0.00000000    0.00000000    0.00000000    0.00000000    0.00000000    0.00000000    0.00000000    0.00000000    0.00000000    0.00000000    0.00000000    0.00000000    0.00000000    0.00000000    0.00000000 
max(|FNEB|)      :   0.00004753    0.00077628    0.00148236    0.00206108    0.00251148    0.00303318    0.00366183    0.00581933    0.00866407    0.00528004    0.00231170    0.03139013    0.01544211    0.01267296    0.00542636    0.01209082    0.00383936    0.00840287    0.00677689    0.00419087    0.00304463    0.00330494    0.00324389    0.00339658    0.00360520    0.00360168    0.00307543    0.00202242    0.00085267    0.00005168 
max(|Force|)     :   0.00004665    0.00075720    0.00144010    0.00199276    0.00260360    0.00343856    0.00435516    0.00573754    0.00862988    0.01437946    0.00163075    0.03614022    0.04421550    0.02744130    0.00644235    0.01253533    0.00392234    0.00872552    0.00713497    0.00453530    0.00336020    0.00363729    0.00355715    0.00369143    0.00387582    0.00384630    0.00328492    0.00218408    0.00094620    0.00005458 
ksp              :   0.01026975    0.01108002    0.01245925    0.01448970    0.01731992    0.02131104    0.02768893    0.03979147    0.07026217    0.10000000    0.10000000    0.09233585    0.03093339    0.01000000    0.01000000    0.01000000    0.01000000    0.01000000    0.01000000    0.01000000    0.01000000    0.01000000    0.01000000    0.01000000    0.01000000    0.01000000    0.01000000    0.01000000    0.01000000 
max(|step|)      :   0.00050577    0.00444156    0.00832542    0.01205706    0.01687648    0.02382747    0.03711853    0.06214261    0.08675674    0.06488444    0.02895682    0.01078659    0.01851894    0.10000000    0.05989549    0.05141762    0.04474444    0.03953089    0.03509464    0.03106774    0.02741313    0.02678925    0.02533954    0.02374301    0.02172303    0.01940906    0.01755667    0.01755052    0.01701611    0.01549383 
angle (deg.)     :    4.6884  4.8066  4.8008  4.9726  5.2419  5.8805  8.9548  28.4864  43.2175  16.5607  24.4393  40.4792  39.2138  15.9756  5.6825  5.1723  4.5479  4.3671  4.4052  4.3371  4.3985  4.4364  4.2134  4.3046  4.5096  4.5318  4.4945  4.2844 
>
iteration       : 12
climbing        : yes
zoom on         : no
nim             : 30
barrier         :   0.02084913 (image: 10) 
distance        :   0.00000000    0.64099686    1.27463066    1.91119344    2.55810428    3.22654281    3.93780797    4.70378350    5.46934602    6.04403402    6.50480297    6.77092478    7.12306168    8.00616565    9.29269749   10.07837660   10.75628271   11.40432218   12.02967949   12.64743090   13.26222565   13.87465000   14.48493654   15.09142430   15.69367482   16.29150427   16.88577607   17.47739149   18.06719808   18.65616501 
energy          : -30.57795490  -30.57790208  -30.57774151  -30.57746790  -30.57706270  -30.57649756  -30.57568775  -30.57434689  -30.57150935  -30.56355471  -30.55710577  -30.55872759  -30.57307063  -30.61485224  -30.63161697  -30.63490375  -30.63752675  -30.63968455  -30.64177096  -30.64380312  -30.64579912  -30.64778824  -30.64970084  -30.65151240  -30.65318060  -30.65468275  -30.65596528  -30.65696595  -30.65763775  -30.65788731 
max(|Fr_perp|)   :   0.00000000    0.00066797    0.00127217    0.00176389    0.00214003    0.00258354    0.00330857    0.00439622    0.00495007    0.00453875    0.00437307    0.03414754    0.00852682    0.01828886    0.00419463    0.01005648    0.00329665    0.00691973    0.00530356    0.00301532    0.00251633    0.00274532    0.00269583    0.00288088    0.00311401    0.00314179    0.00268423    0.00175193    0.00071891    0.00000000 
Fr_paral         :   0.00001648   -0.00016157   -0.00034393   -0.00051871   -0.00075083   -0.00099874   -0.00152037   -0.00292713   -0.01002952   -0.02332988    0.00166698    0.00960027    0.05251015    0.03994981    0.00707111    0.00378541    0.00352929    0.00316383    0.00324693    0.00322881    0.00321573    0.00319001    0.00303699    0.00287670    0.00263184    0.00232221    0.00190495    0.00141361    0.00079391   -0.00002542 
max(|Fsp_paral|) :   0.00000000    0.00016623    0.00033573    0.00054702    0.00091561    0.00162054    0.00293941    0.00499476    0.00503274    0.00249295    0.01221123    0.00403830    0.00311834    0.00599806    0.00203920    0.00048019    0.00013868    0.00010814    0.00003636    0.00001392    0.00001082    0.00000930    0.00001563    0.00001598    0.00001579    0.00001304    0.00000965    0.00000639    0.00000306    0.00000000 
max(|Fsp_perp|)  :   0.00000000    0.00000000    0.00000000    0.00000000    0.00000000    0.00000000    0.00000000    0.00000000    0.00000000    0.00000000    0.00000000    0.00000000    0.00000000    0.00000000    0.00000000    0.00000000    0.00000000    0.00000000    0.00000000    0.00000000    0.00000000    0.00000000    0.00000000    0.00000000    0.00000000    0.00000000    0.00000000    0.00000000    0.00000000    0.00000000 
max(|FNEB|)      :   0.00004777    0.00068575    0.00131026    0.00182425    0.00222983    0.00251775    0.00327606    0.00609534    0.00867005    0.00436087    0.00501689    0.03644740    0.00867475    0.01321302    0.00441026    0.01004541    0.00329074    0.00695276    0.00533316    0.00302832    0.00253125    0.00276319    0.00271239    0.00289981    0.00313603    0.00316581    0.00270533    0.00176552    0.00072419    0.00004854 
max(|Force|)     :   0.00004691    0.00066951    0.00127329    0.00176319    0.00213380    0.00269148    0.00347487    0.00476614    0.00747995    0.01428265    0.00382185    0.03745894    0.03447130    0.03265143    0.00592680    0.01045666    0.00367397    0.00722576    0.00564104    0.00333008    0.00284112    0.00307439    0.00300632    0.00317796    0.00339218    0.00339894    0.00290617    0.00191994    0.00081374    0.00005144 
ksp              :   0.01022821    0.01092191    0.01210374    0.01385371    0.01629403    0.01979041    0.02557902    0.03782402    0.07215866    0.10000000    0.10000000    0.09313010    0.03109703    0.01000000    0.01000000    0.01000000    0.01000000    0.01000000    0.01000000    0.01000000    0.01000000    0.01000000    0.01000000    0.01000000    0.01000000    0.01000000    0.01000000    0.01000000    0.01000000 
max(|step|)      :   0.00009174    0.00131708    0.00251654    0.00350372    0.00428269    0.00483568    0.00629211    0.01170690    0.01665198    0.00837564    0.00963560    0.07000208    0.01666101    0.02537735    0.00847048    0.01929355    0.00632030    0.01335371    0.01024305    0.00581630    0.00486160    0.00530708    0.00520950    0.00556946    0.00602315    0.00608036    0.00519594    0.00339091    0.00139091    0.00009322 
angle (deg.)     :    4.7031  4.8265  4.8197  4.9991  5.2869  5.9656  9.6374  29.8459  41.7393  14.7695  12.3612  35.5271  42.8887  16.3578  5.4317  4.8973  4.4430  4.3620  4.4065  4.3382  4.4106  4.4452  4.2155  4.3064  4.5188  4.5408  4.5078  4.2955 
>
iteration       : 13
climbing        : yes
zoom on         : no
nim             : 30
barrier         :   0.02082103 (image: 10) 
distance        :   0.00000000    0.64169719    1.27613255    1.91361051    2.56183742    3.23279570    3.94890776    4.72375792    5.50083333    6.06259063    6.50981463    6.81119152    7.11205305    7.97208316    9.29666968   10.09408777   10.77318339   11.42157734   12.04677535   12.66448941   13.27918814   13.89147216   14.50165172   15.10803631   15.71019620   16.30792248   16.90209750   17.49366163   18.08346032   18.67244043 
energy          : -30.57795491  -30.57790475  -30.57775133  -30.57748839  -30.57709652  -30.57654769  -30.57575631  -30.57443456  -30.57147747  -30.56340525  -30.55713387  -30.56053185  -30.57282144  -30.61556132  -30.63185714  -30.63521718  -30.63769913  -30.63984422  -30.64188405  -30.64388314  -30.64586412  -30.64784337  -30.64974652  -30.65155015  -30.65321136  -30.65470784  -30.65598235  -30.65697356  -30.65763934  -30.65788731 
max(|Fr_perp|)   :   0.00000000    0.00045366    0.00083693    0.00114092    0.00137686    0.00154642    0.00186651    0.00267271    0.00359106    0.00230219    0.00205952    0.01665680    0.00589961    0.01364424    0.00404032    0.00515726    0.00323224    0.00304240    0.00258886    0.00230446    0.00207948    0.00189833    0.00171219    0.00153063    0.00132632    0.00134914    0.00126316    0.00083878    0.00030940    0.00000000 
Fr_paral         :   0.00001659   -0.00015387   -0.00033016   -0.00050086   -0.00073005   -0.00097407   -0.00149418   -0.00295122   -0.01028239   -0.02285679    0.00033148    0.02337352    0.05106461    0.03806104    0.00722318    0.00390767    0.00343948    0.00318890    0.00319182    0.00319891    0.00320350    0.00318100    0.00302735    0.00286924    0.00262473    0.00231615    0.00189313    0.00139959    0.00078723   -0.00002530 
max(|Fsp_paral|) :   0.00000000    0.00015821    0.00032432    0.00053433    0.00090421    0.00161811    0.00297347    0.00531185    0.00442966    0.00205589    0.00773242    0.00244500    0.00122292    0.00588868    0.00217197    0.00052637    0.00014249    0.00011067    0.00003578    0.00001419    0.00001102    0.00000916    0.00001562    0.00001593    0.00001583    0.00001302    0.00000949    0.00000624    0.00000299    0.00000000 
max(|Fsp_perp|)  :   0.00000000    0.00000000    0.00000000    0.00000000    0.00000000    0.00000000    0.00000000    0.00000000    0.00000000    0.00000000    0.00000000    0.00000000    0.00000000    0.00000000    0.00000000    0.00000000    0.00000000    0.00000000    0.00000000    0.00000000    0.00000000    0.00000000    0.00000000    0.00000000    0.00000000    0.00000000    0.00000000    0.00000000    0.00000000    0.00000000 
max(|FNEB|)      :   0.00004815    0.00048054    0.00089224    0.00122609    0.00150258    0.00174672    0.00330731    0.00642139    0.00802072    0.00388119    0.00189589    0.01717380    0.00643599    0.00913604    0.00447309    0.00495614    0.00322601    0.00300539    0.00258509    0.00230258    0.00207768    0.00189659    0.00170882    0.00152669    0.00132207    0.00134634    0.00126104    0.00083726    0.00030856    0.00003751 
max(|Force|)     :   0.00004731    0.00044172    0.00081282    0.00110616    0.00132865    0.00148498    0.00204452    0.00296324    0.00646041    0.01413298    0.00222314    0.02859430    0.02893406    0.02552844    0.00586899    0.00582147    0.00363561    0.00355117    0.00274955    0.00250375    0.00231841    0.00216135    0.00198081    0.00179802    0.00157817    0.00153156    0.00141715    0.00095868    0.00039043    0.00004722 
ksp              :   0.01021679    0.01087998    0.01201653    0.01371044    0.01608275    0.01950354    0.02521686    0.03799906    0.07289166    0.10000000    0.10000000    0.08531207    0.03218966    0.01000000    0.01000000    0.01000000    0.01000000    0.01000000    0.01000000    0.01000000    0.01000000    0.01000000    0.01000000    0.01000000    0.01000000    0.01000000    0.01000000    0.01000000    0.01000000 
max(|step|)      :   0.00007833    0.00046446    0.00091757    0.00142553    0.00205278    0.00291500    0.00536491    0.01029895    0.01335819    0.00327279    0.00154554    0.01212964    0.00767163    0.01543832    0.00722917    0.00602680    0.00532546    0.00479500    0.00431202    0.00387795    0.00351091    0.00320560    0.00288618    0.00258077    0.00223818    0.00187621    0.00146553    0.00101861    0.00077710    0.00050843 
angle (deg.)     :    4.7149  4.8425  4.8356  5.0221  5.3254  6.0526  10.1646  30.9320  40.6229  12.6705  7.1391  31.3501  45.1314  16.9821  5.4699  4.8270  4.4231  4.3675  4.4094  4.3408  4.4214  4.4560  4.2195  4.3083  4.5269  4.5483  4.5181  4.3078 
>
